  NumNodes: 3327
  NumEdges: 9228
  NumFeats: 3703
  NumClasses: 6
  NumTrainingSamples: 120
  NumValidationSamples: 500
  NumTestSamples: 1000
Done loading data from cached files.
num_edge =  9228
time_rebuild =  0.0007228851318359375
Epoch 0
loss = 1.8041,  acc = 0.1820
Epoch 1
loss = 1.7899,  acc = 0.1820
Epoch 2
loss = 1.7768,  acc = 0.1820
Epoch 3
loss = 1.7635,  acc = 0.1820
Epoch 4
loss = 1.7492,  acc = 0.1820
Epoch 5
loss = 1.7341,  acc = 0.1820
Epoch 6
loss = 1.7184,  acc = 0.1820
Epoch 7
loss = 1.7027,  acc = 0.1820
Epoch 8
loss = 1.6866,  acc = 0.1820
Epoch 9
loss = 1.6700,  acc = 0.1820
Epoch 10
loss = 1.6528,  acc = 0.1820
Epoch 11
loss = 1.6348,  acc = 0.1820
Epoch 12
loss = 1.6162,  acc = 0.1820
Epoch 13
loss = 1.5965,  acc = 0.1820
Epoch 14
loss = 1.5755,  acc = 0.1820
Epoch 15
loss = 1.5537,  acc = 0.1820
Epoch 16
loss = 1.5311,  acc = 0.1900
Epoch 17
loss = 1.5077,  acc = 0.2000
Epoch 18
loss = 1.4835,  acc = 0.2280
Epoch 19
loss = 1.4586,  acc = 0.2480
Epoch 20
loss = 1.4329,  acc = 0.2660
Epoch 21
loss = 1.4062,  acc = 0.2860
Epoch 22
loss = 1.3785,  acc = 0.2960
Epoch 23
loss = 1.3500,  acc = 0.3140
Epoch 24
loss = 1.3206,  acc = 0.3260
Epoch 25
loss = 1.2905,  acc = 0.3360
Epoch 26
loss = 1.2596,  acc = 0.3480
Epoch 27
loss = 1.2279,  acc = 0.3600
Epoch 28
loss = 1.1957,  acc = 0.3740
Epoch 29
loss = 1.1627,  acc = 0.4020
Epoch 30
loss = 1.1292,  acc = 0.4100
Epoch 31
loss = 1.0952,  acc = 0.4280
Epoch 32
loss = 1.0609,  acc = 0.4460
Epoch 33
loss = 1.0261,  acc = 0.4580
Epoch 34
loss = 0.9910,  acc = 0.4780
Epoch 35
loss = 0.9557,  acc = 0.4960
Epoch 36
loss = 0.9203,  acc = 0.5160
Epoch 37
loss = 0.8849,  acc = 0.5400
Epoch 38
loss = 0.8496,  acc = 0.5540
Epoch 39
loss = 0.8145,  acc = 0.5760
Epoch 40
loss = 0.7797,  acc = 0.5820
Epoch 41
loss = 0.7451,  acc = 0.5860
Epoch 42
loss = 0.7110,  acc = 0.5920
Epoch 43
loss = 0.6772,  acc = 0.6060
Epoch 44
loss = 0.6438,  acc = 0.6080
Epoch 45
loss = 0.6110,  acc = 0.6100
Epoch 46
loss = 0.5790,  acc = 0.6100
Epoch 47
loss = 0.5480,  acc = 0.6120
Epoch 48
loss = 0.5181,  acc = 0.6140
Epoch 49
loss = 0.4896,  acc = 0.6140
Epoch 50
loss = 0.4625,  acc = 0.6160
Epoch 51
loss = 0.4366,  acc = 0.6200
Epoch 52
loss = 0.4117,  acc = 0.6220
Epoch 53
loss = 0.3878,  acc = 0.6260
Epoch 54
loss = 0.3650,  acc = 0.6300
Epoch 55
loss = 0.3433,  acc = 0.6320
Epoch 56
loss = 0.3226,  acc = 0.6340
Epoch 57
loss = 0.3030,  acc = 0.6340
Epoch 58
loss = 0.2844,  acc = 0.6340
Epoch 59
loss = 0.2668,  acc = 0.6380
Epoch 60
loss = 0.2503,  acc = 0.6380
Epoch 61
loss = 0.2347,  acc = 0.6400
Epoch 62
loss = 0.2201,  acc = 0.6440
Epoch 63
loss = 0.2065,  acc = 0.6440
Epoch 64
loss = 0.1937,  acc = 0.6400
Epoch 65
loss = 0.1817,  acc = 0.6400
Epoch 66
loss = 0.1705,  acc = 0.6400
Epoch 67
loss = 0.1601,  acc = 0.6400
Epoch 68
loss = 0.1504,  acc = 0.6400
Epoch 69
loss = 0.1415,  acc = 0.6360
Epoch 70
loss = 0.1332,  acc = 0.6340
Epoch 71
loss = 0.1255,  acc = 0.6340
Epoch 72
loss = 0.1184,  acc = 0.6340
Epoch 73
loss = 0.1118,  acc = 0.6340
Epoch 74
loss = 0.1056,  acc = 0.6340
Epoch 75
loss = 0.0999,  acc = 0.6360
Epoch 76
loss = 0.0946,  acc = 0.6360
Epoch 77
loss = 0.0896,  acc = 0.6380
Epoch 78
loss = 0.0850,  acc = 0.6420
Epoch 79
loss = 0.0806,  acc = 0.6440
Epoch 80
loss = 0.0766,  acc = 0.6420
Epoch 81
loss = 0.0729,  acc = 0.6420
Epoch 82
loss = 0.0694,  acc = 0.6420
Epoch 83
loss = 0.0661,  acc = 0.6480
Epoch 84
loss = 0.0631,  acc = 0.6520
Epoch 85
loss = 0.0602,  acc = 0.6540
Epoch 86
loss = 0.0575,  acc = 0.6540
Epoch 87
loss = 0.0550,  acc = 0.6540
Epoch 88
loss = 0.0527,  acc = 0.6540
Epoch 89
loss = 0.0505,  acc = 0.6540
Epoch 90
loss = 0.0484,  acc = 0.6540
Epoch 91
loss = 0.0465,  acc = 0.6560
Epoch 92
loss = 0.0447,  acc = 0.6560
Epoch 93
loss = 0.0429,  acc = 0.6580
Epoch 94
loss = 0.0413,  acc = 0.6580
Epoch 95
loss = 0.0398,  acc = 0.6580
Epoch 96
loss = 0.0384,  acc = 0.6580
Epoch 97
loss = 0.0370,  acc = 0.6560
Epoch 98
loss = 0.0357,  acc = 0.6560
Epoch 99
loss = 0.0345,  acc = 0.6540
Epoch 100
loss = 0.0333,  acc = 0.6540
Epoch 101
loss = 0.0322,  acc = 0.6560
Epoch 102
loss = 0.0312,  acc = 0.6560
Epoch 103
loss = 0.0302,  acc = 0.6540
Epoch 104
loss = 0.0293,  acc = 0.6540
Epoch 105
loss = 0.0284,  acc = 0.6540
Epoch 106
loss = 0.0275,  acc = 0.6520
Epoch 107
loss = 0.0267,  acc = 0.6520
Epoch 108
loss = 0.0260,  acc = 0.6520
Epoch 109
loss = 0.0252,  acc = 0.6520
Epoch 110
loss = 0.0245,  acc = 0.6520
Epoch 111
loss = 0.0239,  acc = 0.6520
Epoch 112
loss = 0.0232,  acc = 0.6520
Epoch 113
loss = 0.0226,  acc = 0.6520
Epoch 114
loss = 0.0220,  acc = 0.6520
Epoch 115
loss = 0.0215,  acc = 0.6520
Epoch 116
loss = 0.0209,  acc = 0.6520
Epoch 117
loss = 0.0204,  acc = 0.6520
Epoch 118
loss = 0.0199,  acc = 0.6520
Epoch 119
loss = 0.0195,  acc = 0.6500
Epoch 120
loss = 0.0190,  acc = 0.6500
Epoch 121
loss = 0.0186,  acc = 0.6500
Epoch 122
loss = 0.0181,  acc = 0.6500
Epoch 123
loss = 0.0177,  acc = 0.6500
Epoch 124
loss = 0.0174,  acc = 0.6500
Epoch 125
loss = 0.0170,  acc = 0.6480
Epoch 126
loss = 0.0166,  acc = 0.6480
Epoch 127
loss = 0.0163,  acc = 0.6480
Epoch 128
loss = 0.0159,  acc = 0.6480
Epoch 129
loss = 0.0156,  acc = 0.6480
Epoch 130
loss = 0.0153,  acc = 0.6480
Epoch 131
loss = 0.0150,  acc = 0.6480
Epoch 132
loss = 0.0147,  acc = 0.6480
Epoch 133
loss = 0.0144,  acc = 0.6480
Epoch 134
loss = 0.0141,  acc = 0.6480
Epoch 135
loss = 0.0139,  acc = 0.6480
Epoch 136
loss = 0.0136,  acc = 0.6480
Epoch 137
loss = 0.0133,  acc = 0.6480
Epoch 138
loss = 0.0131,  acc = 0.6480
Epoch 139
loss = 0.0129,  acc = 0.6480
Epoch 140
loss = 0.0126,  acc = 0.6460
Epoch 141
loss = 0.0124,  acc = 0.6460
Epoch 142
loss = 0.0122,  acc = 0.6460
Epoch 143
loss = 0.0120,  acc = 0.6460
Epoch 144
loss = 0.0118,  acc = 0.6460
Epoch 145
loss = 0.0116,  acc = 0.6460
Epoch 146
loss = 0.0114,  acc = 0.6460
Epoch 147
loss = 0.0112,  acc = 0.6460
Epoch 148
loss = 0.0110,  acc = 0.6460
Epoch 149
loss = 0.0108,  acc = 0.6460
Epoch 150
loss = 0.0107,  acc = 0.6460
Epoch 151
loss = 0.0105,  acc = 0.6460
Epoch 152
loss = 0.0103,  acc = 0.6460
Epoch 153
loss = 0.0102,  acc = 0.6460
Epoch 154
loss = 0.0100,  acc = 0.6480
Epoch 155
loss = 0.0098,  acc = 0.6480
Epoch 156
loss = 0.0097,  acc = 0.6500
Epoch 157
loss = 0.0095,  acc = 0.6480
Epoch 158
loss = 0.0094,  acc = 0.6480
Epoch 159
loss = 0.0093,  acc = 0.6480
Epoch 160
loss = 0.0091,  acc = 0.6480
Epoch 161
loss = 0.0090,  acc = 0.6480
Epoch 162
loss = 0.0088,  acc = 0.6480
Epoch 163
loss = 0.0087,  acc = 0.6480
Epoch 164
loss = 0.0086,  acc = 0.6460
Epoch 165
loss = 0.0084,  acc = 0.6460
Epoch 166
loss = 0.0083,  acc = 0.6480
Epoch 167
loss = 0.0082,  acc = 0.6480
Epoch 168
loss = 0.0081,  acc = 0.6500
Epoch 169
loss = 0.0079,  acc = 0.6500
Epoch 170
loss = 0.0078,  acc = 0.6500
Epoch 171
loss = 0.0077,  acc = 0.6500
Epoch 172
loss = 0.0076,  acc = 0.6500
Epoch 173
loss = 0.0075,  acc = 0.6500
Epoch 174
loss = 0.0074,  acc = 0.6500
Epoch 175
loss = 0.0073,  acc = 0.6500
Epoch 176
loss = 0.0071,  acc = 0.6500
Epoch 177
loss = 0.0070,  acc = 0.6500
Epoch 178
loss = 0.0069,  acc = 0.6500
Epoch 179
loss = 0.0068,  acc = 0.6480
Epoch 180
loss = 0.0067,  acc = 0.6480
Epoch 181
loss = 0.0067,  acc = 0.6480
Epoch 182
loss = 0.0066,  acc = 0.6480
Epoch 183
loss = 0.0065,  acc = 0.6480
Epoch 184
loss = 0.0064,  acc = 0.6480
Epoch 185
loss = 0.0063,  acc = 0.6480
Epoch 186
loss = 0.0062,  acc = 0.6480
Epoch 187
loss = 0.0061,  acc = 0.6500
Epoch 188
loss = 0.0060,  acc = 0.6500
Epoch 189
loss = 0.0059,  acc = 0.6500
Epoch 190
loss = 0.0058,  acc = 0.6500
Epoch 191
loss = 0.0058,  acc = 0.6500
Epoch 192
loss = 0.0057,  acc = 0.6520
Epoch 193
loss = 0.0056,  acc = 0.6520
Epoch 194
loss = 0.0055,  acc = 0.6520
Epoch 195
loss = 0.0054,  acc = 0.6520
Epoch 196
loss = 0.0053,  acc = 0.6520
Epoch 197
loss = 0.0053,  acc = 0.6500
Epoch 198
loss = 0.0052,  acc = 0.6520
Epoch 199
loss = 0.0051,  acc = 0.6540
Epoch 200
loss = 0.0050,  acc = 0.6540
Epoch 201
loss = 0.0050,  acc = 0.6540
Epoch 202
loss = 0.0049,  acc = 0.6540
Epoch 203
loss = 0.0048,  acc = 0.6540
Epoch 204
loss = 0.0047,  acc = 0.6540
Epoch 205
loss = 0.0047,  acc = 0.6540
Epoch 206
loss = 0.0046,  acc = 0.6540
Epoch 207
loss = 0.0045,  acc = 0.6540
Epoch 208
loss = 0.0045,  acc = 0.6520
Epoch 209
loss = 0.0044,  acc = 0.6520
Epoch 210
loss = 0.0043,  acc = 0.6520
Epoch 211
loss = 0.0043,  acc = 0.6520
Epoch 212
loss = 0.0042,  acc = 0.6520
Epoch 213
loss = 0.0042,  acc = 0.6520
Epoch 214
loss = 0.0041,  acc = 0.6480
Epoch 215
loss = 0.0040,  acc = 0.6480
Epoch 216
loss = 0.0040,  acc = 0.6480
Epoch 217
loss = 0.0039,  acc = 0.6500
Epoch 218
loss = 0.0039,  acc = 0.6500
Epoch 219
loss = 0.0038,  acc = 0.6500
Epoch 220
loss = 0.0038,  acc = 0.6500
Epoch 221
loss = 0.0037,  acc = 0.6500
Epoch 222
loss = 0.0037,  acc = 0.6500
Epoch 223
loss = 0.0036,  acc = 0.6500
Epoch 224
loss = 0.0036,  acc = 0.6500
Epoch 225
loss = 0.0035,  acc = 0.6500
Epoch 226
loss = 0.0035,  acc = 0.6500
Epoch 227
loss = 0.0035,  acc = 0.6500
Epoch 228
loss = 0.0034,  acc = 0.6500
Epoch 229
loss = 0.0034,  acc = 0.6500
Epoch 230
loss = 0.0033,  acc = 0.6500
Epoch 231
loss = 0.0033,  acc = 0.6460
Epoch 232
loss = 0.0032,  acc = 0.6460
Epoch 233
loss = 0.0032,  acc = 0.6460
Epoch 234
loss = 0.0032,  acc = 0.6460
Epoch 235
loss = 0.0031,  acc = 0.6460
Epoch 236
loss = 0.0031,  acc = 0.6460
Epoch 237
loss = 0.0031,  acc = 0.6480
Epoch 238
loss = 0.0030,  acc = 0.6480
Epoch 239
loss = 0.0030,  acc = 0.6480
Epoch 240
loss = 0.0030,  acc = 0.6480
Epoch 241
loss = 0.0029,  acc = 0.6480
Epoch 242
loss = 0.0029,  acc = 0.6480
Epoch 243
loss = 0.0029,  acc = 0.6480
Epoch 244
loss = 0.0028,  acc = 0.6480
Epoch 245
loss = 0.0028,  acc = 0.6480
Epoch 246
loss = 0.0028,  acc = 0.6480
Epoch 247
loss = 0.0027,  acc = 0.6480
Epoch 248
loss = 0.0027,  acc = 0.6480
Epoch 249
loss = 0.0027,  acc = 0.6480
Epoch 250
loss = 0.0026,  acc = 0.6480
Epoch 251
loss = 0.0026,  acc = 0.6480
Epoch 252
loss = 0.0026,  acc = 0.6480
Epoch 253
loss = 0.0026,  acc = 0.6480
Epoch 254
loss = 0.0025,  acc = 0.6500
Epoch 255
loss = 0.0025,  acc = 0.6500
Epoch 256
loss = 0.0025,  acc = 0.6500
Epoch 257
loss = 0.0025,  acc = 0.6500
Epoch 258
loss = 0.0024,  acc = 0.6500
Epoch 259
loss = 0.0024,  acc = 0.6500
Epoch 260
loss = 0.0024,  acc = 0.6500
Epoch 261
loss = 0.0024,  acc = 0.6500
Epoch 262
loss = 0.0023,  acc = 0.6500
Epoch 263
loss = 0.0023,  acc = 0.6500
Epoch 264
loss = 0.0023,  acc = 0.6500
Epoch 265
loss = 0.0023,  acc = 0.6500
Epoch 266
loss = 0.0022,  acc = 0.6500
Epoch 267
loss = 0.0022,  acc = 0.6500
Epoch 268
loss = 0.0022,  acc = 0.6500
Epoch 269
loss = 0.0022,  acc = 0.6500
Epoch 270
loss = 0.0022,  acc = 0.6500
Epoch 271
loss = 0.0021,  acc = 0.6500
Epoch 272
loss = 0.0021,  acc = 0.6500
Epoch 273
loss = 0.0021,  acc = 0.6500
Epoch 274
loss = 0.0021,  acc = 0.6500
Epoch 275
loss = 0.0021,  acc = 0.6500
Epoch 276
loss = 0.0020,  acc = 0.6500
Epoch 277
loss = 0.0020,  acc = 0.6500
Epoch 278
loss = 0.0020,  acc = 0.6500
Epoch 279
loss = 0.0020,  acc = 0.6500
Epoch 280
loss = 0.0020,  acc = 0.6500
Epoch 281
loss = 0.0019,  acc = 0.6500
Epoch 282
loss = 0.0019,  acc = 0.6500
Epoch 283
loss = 0.0019,  acc = 0.6500
Epoch 284
loss = 0.0019,  acc = 0.6500
Epoch 285
loss = 0.0019,  acc = 0.6500
Epoch 286
loss = 0.0019,  acc = 0.6500
Epoch 287
loss = 0.0018,  acc = 0.6500
Epoch 288
loss = 0.0018,  acc = 0.6500
Epoch 289
loss = 0.0018,  acc = 0.6500
Epoch 290
loss = 0.0018,  acc = 0.6480
Epoch 291
loss = 0.0018,  acc = 0.6480
Epoch 292
loss = 0.0018,  acc = 0.6480
Epoch 293
loss = 0.0018,  acc = 0.6480
Epoch 294
loss = 0.0017,  acc = 0.6480
Epoch 295
loss = 0.0017,  acc = 0.6480
Epoch 296
loss = 0.0017,  acc = 0.6480
Epoch 297
loss = 0.0017,  acc = 0.6480
Epoch 298
loss = 0.0017,  acc = 0.6480
Epoch 299
loss = 0.0017,  acc = 0.6480
Epoch 300
loss = 0.0017,  acc = 0.6480
Epoch 301
loss = 0.0016,  acc = 0.6480
Epoch 302
loss = 0.0016,  acc = 0.6480
Epoch 303
loss = 0.0016,  acc = 0.6480
Epoch 304
loss = 0.0016,  acc = 0.6480
Epoch 305
loss = 0.0016,  acc = 0.6480
Epoch 306
loss = 0.0016,  acc = 0.6480
Epoch 307
loss = 0.0016,  acc = 0.6480
Epoch 308
loss = 0.0015,  acc = 0.6480
Epoch 309
loss = 0.0015,  acc = 0.6480
Epoch 310
loss = 0.0015,  acc = 0.6480
Epoch 311
loss = 0.0015,  acc = 0.6480
Epoch 312
loss = 0.0015,  acc = 0.6480
Epoch 313
loss = 0.0015,  acc = 0.6480
Epoch 314
loss = 0.0015,  acc = 0.6480
Epoch 315
loss = 0.0015,  acc = 0.6480
Epoch 316
loss = 0.0015,  acc = 0.6480
Epoch 317
loss = 0.0014,  acc = 0.6480
Epoch 318
loss = 0.0014,  acc = 0.6480
Epoch 319
loss = 0.0014,  acc = 0.6480
Epoch 320
loss = 0.0014,  acc = 0.6480
Epoch 321
loss = 0.0014,  acc = 0.6480
Epoch 322
loss = 0.0014,  acc = 0.6480
Epoch 323
loss = 0.0014,  acc = 0.6480
Epoch 324
loss = 0.0014,  acc = 0.6460
Epoch 325
loss = 0.0014,  acc = 0.6460
Epoch 326
loss = 0.0013,  acc = 0.6440
Epoch 327
loss = 0.0013,  acc = 0.6440
Epoch 328
loss = 0.0013,  acc = 0.6440
Epoch 329
loss = 0.0013,  acc = 0.6440
Epoch 330
loss = 0.0013,  acc = 0.6440
Epoch 331
loss = 0.0013,  acc = 0.6440
Epoch 332
loss = 0.0013,  acc = 0.6440
Epoch 333
loss = 0.0013,  acc = 0.6440
Epoch 334
loss = 0.0013,  acc = 0.6440
Epoch 335
loss = 0.0013,  acc = 0.6440
Epoch 336
loss = 0.0012,  acc = 0.6420
Epoch 337
loss = 0.0012,  acc = 0.6420
Epoch 338
loss = 0.0012,  acc = 0.6420
Epoch 339
loss = 0.0012,  acc = 0.6420
Epoch 340
loss = 0.0012,  acc = 0.6420
Epoch 341
loss = 0.0012,  acc = 0.6420
Epoch 342
loss = 0.0012,  acc = 0.6420
Epoch 343
loss = 0.0012,  acc = 0.6420
Epoch 344
loss = 0.0012,  acc = 0.6420
Epoch 345
loss = 0.0012,  acc = 0.6420
Epoch 346
loss = 0.0012,  acc = 0.6420
Epoch 347
loss = 0.0011,  acc = 0.6420
Epoch 348
loss = 0.0011,  acc = 0.6420
Epoch 349
loss = 0.0011,  acc = 0.6420
Epoch 350
loss = 0.0011,  acc = 0.6420
Epoch 351
loss = 0.0011,  acc = 0.6420
Epoch 352
loss = 0.0011,  acc = 0.6420
Epoch 353
loss = 0.0011,  acc = 0.6420
Epoch 354
loss = 0.0011,  acc = 0.6420
Epoch 355
loss = 0.0011,  acc = 0.6420
Epoch 356
loss = 0.0011,  acc = 0.6420
Epoch 357
loss = 0.0011,  acc = 0.6420
Epoch 358
loss = 0.0011,  acc = 0.6420
Epoch 359
loss = 0.0011,  acc = 0.6420
Epoch 360
loss = 0.0010,  acc = 0.6420
Epoch 361
loss = 0.0010,  acc = 0.6420
Epoch 362
loss = 0.0010,  acc = 0.6420
Epoch 363
loss = 0.0010,  acc = 0.6420
Epoch 364
loss = 0.0010,  acc = 0.6420
Epoch 365
loss = 0.0010,  acc = 0.6420
Epoch 366
loss = 0.0010,  acc = 0.6420
Epoch 367
loss = 0.0010,  acc = 0.6420
Epoch 368
loss = 0.0010,  acc = 0.6420
Epoch 369
loss = 0.0010,  acc = 0.6420
Epoch 370
loss = 0.0010,  acc = 0.6420
Epoch 371
loss = 0.0010,  acc = 0.6420
Epoch 372
loss = 0.0010,  acc = 0.6420
Epoch 373
loss = 0.0010,  acc = 0.6420
Epoch 374
loss = 0.0010,  acc = 0.6420
Epoch 375
loss = 0.0009,  acc = 0.6420
Epoch 376
loss = 0.0009,  acc = 0.6420
Epoch 377
loss = 0.0009,  acc = 0.6420
Epoch 378
loss = 0.0009,  acc = 0.6420
Epoch 379
loss = 0.0009,  acc = 0.6420
Epoch 380
loss = 0.0009,  acc = 0.6420
Epoch 381
loss = 0.0009,  acc = 0.6420
Epoch 382
loss = 0.0009,  acc = 0.6420
Epoch 383
loss = 0.0009,  acc = 0.6420
Epoch 384
loss = 0.0009,  acc = 0.6420
Epoch 385
loss = 0.0009,  acc = 0.6420
Epoch 386
loss = 0.0009,  acc = 0.6420
Epoch 387
loss = 0.0009,  acc = 0.6420
Epoch 388
loss = 0.0009,  acc = 0.6420
Epoch 389
loss = 0.0009,  acc = 0.6420
Epoch 390
loss = 0.0009,  acc = 0.6420
Epoch 391
loss = 0.0008,  acc = 0.6420
Epoch 392
loss = 0.0008,  acc = 0.6420
Epoch 393
loss = 0.0008,  acc = 0.6420
Epoch 394
loss = 0.0008,  acc = 0.6420
Epoch 395
loss = 0.0008,  acc = 0.6420
Epoch 396
loss = 0.0008,  acc = 0.6420
Epoch 397
loss = 0.0008,  acc = 0.6420
Epoch 398
loss = 0.0008,  acc = 0.6420
Epoch 399
loss = 0.0008,  acc = 0.6420
Epoch 400
loss = 0.0008,  acc = 0.6420
Epoch 401
loss = 0.0008,  acc = 0.6420
Epoch 402
loss = 0.0008,  acc = 0.6420
Epoch 403
loss = 0.0008,  acc = 0.6420
Epoch 404
loss = 0.0008,  acc = 0.6420
Epoch 405
loss = 0.0008,  acc = 0.6420
Epoch 406
loss = 0.0008,  acc = 0.6420
Epoch 407
loss = 0.0008,  acc = 0.6420
Epoch 408
loss = 0.0008,  acc = 0.6420
Epoch 409
loss = 0.0008,  acc = 0.6420
Epoch 410
loss = 0.0007,  acc = 0.6420
Epoch 411
loss = 0.0007,  acc = 0.6420
Epoch 412
loss = 0.0007,  acc = 0.6420
Epoch 413
loss = 0.0007,  acc = 0.6420
Epoch 414
loss = 0.0007,  acc = 0.6420
Epoch 415
loss = 0.0007,  acc = 0.6420
Epoch 416
loss = 0.0007,  acc = 0.6420
Epoch 417
loss = 0.0007,  acc = 0.6420
Epoch 418
loss = 0.0007,  acc = 0.6420
Epoch 419
loss = 0.0007,  acc = 0.6420
Epoch 420
loss = 0.0007,  acc = 0.6440
Epoch 421
loss = 0.0007,  acc = 0.6440
Epoch 422
loss = 0.0007,  acc = 0.6420
Epoch 423
loss = 0.0007,  acc = 0.6420
Epoch 424
loss = 0.0007,  acc = 0.6420
Epoch 425
loss = 0.0007,  acc = 0.6420
Epoch 426
loss = 0.0007,  acc = 0.6440
Epoch 427
loss = 0.0007,  acc = 0.6420
Epoch 428
loss = 0.0007,  acc = 0.6420
Epoch 429
loss = 0.0007,  acc = 0.6420
Epoch 430
loss = 0.0007,  acc = 0.6440
Epoch 431
loss = 0.0007,  acc = 0.6440
Epoch 432
loss = 0.0007,  acc = 0.6460
Epoch 433
loss = 0.0007,  acc = 0.6460
Epoch 434
loss = 0.0006,  acc = 0.6460
Epoch 435
loss = 0.0006,  acc = 0.6460
Epoch 436
loss = 0.0006,  acc = 0.6460
Epoch 437
loss = 0.0006,  acc = 0.6460
Epoch 438
loss = 0.0006,  acc = 0.6460
Epoch 439
loss = 0.0006,  acc = 0.6460
Epoch 440
loss = 0.0006,  acc = 0.6460
Epoch 441
loss = 0.0006,  acc = 0.6460
Epoch 442
loss = 0.0006,  acc = 0.6460
Epoch 443
loss = 0.0006,  acc = 0.6460
Epoch 444
loss = 0.0006,  acc = 0.6460
Epoch 445
loss = 0.0006,  acc = 0.6460
Epoch 446
loss = 0.0006,  acc = 0.6460
Epoch 447
loss = 0.0006,  acc = 0.6460
Epoch 448
loss = 0.0006,  acc = 0.6460
Epoch 449
loss = 0.0006,  acc = 0.6460
Epoch 450
loss = 0.0006,  acc = 0.6460
Epoch 451
loss = 0.0006,  acc = 0.6460
Epoch 452
loss = 0.0006,  acc = 0.6460
Epoch 453
loss = 0.0006,  acc = 0.6460
Epoch 454
loss = 0.0006,  acc = 0.6460
Epoch 455
loss = 0.0006,  acc = 0.6460
Epoch 456
loss = 0.0006,  acc = 0.6460
Epoch 457
loss = 0.0006,  acc = 0.6460
Epoch 458
loss = 0.0006,  acc = 0.6460
Epoch 459
loss = 0.0006,  acc = 0.6460
Epoch 460
loss = 0.0006,  acc = 0.6460
Epoch 461
loss = 0.0006,  acc = 0.6460
Epoch 462
loss = 0.0006,  acc = 0.6460
Epoch 463
loss = 0.0005,  acc = 0.6460
Epoch 464
loss = 0.0005,  acc = 0.6460
Epoch 465
loss = 0.0005,  acc = 0.6460
Epoch 466
loss = 0.0005,  acc = 0.6460
Epoch 467
loss = 0.0005,  acc = 0.6460
Epoch 468
loss = 0.0005,  acc = 0.6460
Epoch 469
loss = 0.0005,  acc = 0.6460
Epoch 470
loss = 0.0005,  acc = 0.6460
Epoch 471
loss = 0.0005,  acc = 0.6460
Epoch 472
loss = 0.0005,  acc = 0.6460
Epoch 473
loss = 0.0005,  acc = 0.6460
Epoch 474
loss = 0.0005,  acc = 0.6460
Epoch 475
loss = 0.0005,  acc = 0.6460
Epoch 476
loss = 0.0005,  acc = 0.6460
Epoch 477
loss = 0.0005,  acc = 0.6460
Epoch 478
loss = 0.0005,  acc = 0.6460
Epoch 479
loss = 0.0005,  acc = 0.6460
Epoch 480
loss = 0.0005,  acc = 0.6460
Epoch 481
loss = 0.0005,  acc = 0.6460
Epoch 482
loss = 0.0005,  acc = 0.6460
Epoch 483
loss = 0.0005,  acc = 0.6460
Epoch 484
loss = 0.0005,  acc = 0.6460
Epoch 485
loss = 0.0005,  acc = 0.6460
Epoch 486
loss = 0.0005,  acc = 0.6460
Epoch 487
loss = 0.0005,  acc = 0.6460
Epoch 488
loss = 0.0005,  acc = 0.6460
Epoch 489
loss = 0.0005,  acc = 0.6460
Epoch 490
loss = 0.0005,  acc = 0.6460
Epoch 491
loss = 0.0005,  acc = 0.6460
Epoch 492
loss = 0.0005,  acc = 0.6460
Epoch 493
loss = 0.0005,  acc = 0.6460
Epoch 494
loss = 0.0005,  acc = 0.6460
Epoch 495
loss = 0.0005,  acc = 0.6460
Epoch 496
loss = 0.0005,  acc = 0.6460
Epoch 497
loss = 0.0005,  acc = 0.6460
Epoch 498
loss = 0.0005,  acc = 0.6460
Epoch 499
loss = 0.0005,  acc = 0.6460

Total Time =  18.334020853042603
test accuracy = 0.6180
part_id:  []
train_node:  120
valid_node:  500
test_node:  1000
  NumNodes: 3327
  NumEdges: 9228
  NumFeats: 3703
  NumClasses: 6
  NumTrainingSamples: 120
  NumValidationSamples: 500
  NumTestSamples: 1000
Done loading data from cached files.
num_edge =  9228
time_rebuild =  0.0006458759307861328
Epoch 0
loss = 1.7841,  acc = 0.1700
Epoch 1
loss = 1.7713,  acc = 0.1700
Epoch 2
loss = 1.7594,  acc = 0.1700
Epoch 3
loss = 1.7471,  acc = 0.2780
Epoch 4
loss = 1.7340,  acc = 0.2820
Epoch 5
loss = 1.7203,  acc = 0.2880
Epoch 6
loss = 1.7066,  acc = 0.2940
Epoch 7
loss = 1.6928,  acc = 0.3100
Epoch 8
loss = 1.6785,  acc = 0.3200
Epoch 9
loss = 1.6634,  acc = 0.3200
Epoch 10
loss = 1.6476,  acc = 0.3460
Epoch 11
loss = 1.6313,  acc = 0.3680
Epoch 12
loss = 1.6143,  acc = 0.3880
Epoch 13
loss = 1.5963,  acc = 0.4120
Epoch 14
loss = 1.5770,  acc = 0.4300
Epoch 15
loss = 1.5562,  acc = 0.4440
Epoch 16
loss = 1.5343,  acc = 0.4500
Epoch 17
loss = 1.5115,  acc = 0.4600
Epoch 18
loss = 1.4877,  acc = 0.4640
Epoch 19
loss = 1.4627,  acc = 0.4680
Epoch 20
loss = 1.4366,  acc = 0.4740
Epoch 21
loss = 1.4097,  acc = 0.4740
Epoch 22
loss = 1.3821,  acc = 0.4820
Epoch 23
loss = 1.3536,  acc = 0.4840
Epoch 24
loss = 1.3242,  acc = 0.4880
Epoch 25
loss = 1.2937,  acc = 0.4920
Epoch 26
loss = 1.2622,  acc = 0.4980
Epoch 27
loss = 1.2299,  acc = 0.5060
Epoch 28
loss = 1.1969,  acc = 0.5080
Epoch 29
loss = 1.1632,  acc = 0.5120
Epoch 30
loss = 1.1287,  acc = 0.5220
Epoch 31
loss = 1.0938,  acc = 0.5280
Epoch 32
loss = 1.0586,  acc = 0.5420
Epoch 33
loss = 1.0231,  acc = 0.5460
Epoch 34
loss = 0.9874,  acc = 0.5540
Epoch 35
loss = 0.9515,  acc = 0.5660
Epoch 36
loss = 0.9153,  acc = 0.5840
Epoch 37
loss = 0.8792,  acc = 0.5960
Epoch 38
loss = 0.8432,  acc = 0.5940
Epoch 39
loss = 0.8073,  acc = 0.5980
Epoch 40
loss = 0.7718,  acc = 0.6060
Epoch 41
loss = 0.7366,  acc = 0.6120
Epoch 42
loss = 0.7021,  acc = 0.6200
Epoch 43
loss = 0.6682,  acc = 0.6320
Epoch 44
loss = 0.6351,  acc = 0.6380
Epoch 45
loss = 0.6028,  acc = 0.6380
Epoch 46
loss = 0.5713,  acc = 0.6460
Epoch 47
loss = 0.5409,  acc = 0.6460
Epoch 48
loss = 0.5114,  acc = 0.6560
Epoch 49
loss = 0.4829,  acc = 0.6600
Epoch 50
loss = 0.4555,  acc = 0.6620
Epoch 51
loss = 0.4293,  acc = 0.6660
Epoch 52
loss = 0.4041,  acc = 0.6700
Epoch 53
loss = 0.3801,  acc = 0.6720
Epoch 54
loss = 0.3572,  acc = 0.6740
Epoch 55
loss = 0.3355,  acc = 0.6740
Epoch 56
loss = 0.3149,  acc = 0.6740
Epoch 57
loss = 0.2954,  acc = 0.6740
Epoch 58
loss = 0.2770,  acc = 0.6760
Epoch 59
loss = 0.2596,  acc = 0.6740
Epoch 60
loss = 0.2434,  acc = 0.6740
Epoch 61
loss = 0.2281,  acc = 0.6740
Epoch 62
loss = 0.2138,  acc = 0.6760
Epoch 63
loss = 0.2004,  acc = 0.6760
Epoch 64
loss = 0.1880,  acc = 0.6780
Epoch 65
loss = 0.1763,  acc = 0.6780
Epoch 66
loss = 0.1655,  acc = 0.6800
Epoch 67
loss = 0.1554,  acc = 0.6800
Epoch 68
loss = 0.1460,  acc = 0.6800
Epoch 69
loss = 0.1373,  acc = 0.6800
Epoch 70
loss = 0.1292,  acc = 0.6820
Epoch 71
loss = 0.1217,  acc = 0.6820
Epoch 72
loss = 0.1147,  acc = 0.6880
Epoch 73
loss = 0.1081,  acc = 0.6840
Epoch 74
loss = 0.1021,  acc = 0.6800
Epoch 75
loss = 0.0965,  acc = 0.6800
Epoch 76
loss = 0.0912,  acc = 0.6820
Epoch 77
loss = 0.0864,  acc = 0.6820
Epoch 78
loss = 0.0819,  acc = 0.6820
Epoch 79
loss = 0.0777,  acc = 0.6820
Epoch 80
loss = 0.0738,  acc = 0.6840
Epoch 81
loss = 0.0702,  acc = 0.6840
Epoch 82
loss = 0.0668,  acc = 0.6840
Epoch 83
loss = 0.0636,  acc = 0.6860
Epoch 84
loss = 0.0607,  acc = 0.6840
Epoch 85
loss = 0.0579,  acc = 0.6820
Epoch 86
loss = 0.0554,  acc = 0.6820
Epoch 87
loss = 0.0530,  acc = 0.6820
Epoch 88
loss = 0.0507,  acc = 0.6820
Epoch 89
loss = 0.0486,  acc = 0.6800
Epoch 90
loss = 0.0466,  acc = 0.6800
Epoch 91
loss = 0.0448,  acc = 0.6800
Epoch 92
loss = 0.0430,  acc = 0.6800
Epoch 93
loss = 0.0414,  acc = 0.6780
Epoch 94
loss = 0.0398,  acc = 0.6780
Epoch 95
loss = 0.0384,  acc = 0.6780
Epoch 96
loss = 0.0370,  acc = 0.6780
Epoch 97
loss = 0.0357,  acc = 0.6780
Epoch 98
loss = 0.0345,  acc = 0.6780
Epoch 99
loss = 0.0333,  acc = 0.6780
Epoch 100
loss = 0.0322,  acc = 0.6780
Epoch 101
loss = 0.0312,  acc = 0.6780
Epoch 102
loss = 0.0302,  acc = 0.6760
Epoch 103
loss = 0.0293,  acc = 0.6760
Epoch 104
loss = 0.0284,  acc = 0.6760
Epoch 105
loss = 0.0275,  acc = 0.6760
Epoch 106
loss = 0.0267,  acc = 0.6760
Epoch 107
loss = 0.0260,  acc = 0.6760
Epoch 108
loss = 0.0252,  acc = 0.6760
Epoch 109
loss = 0.0245,  acc = 0.6760
Epoch 110
loss = 0.0239,  acc = 0.6760
Epoch 111
loss = 0.0232,  acc = 0.6760
Epoch 112
loss = 0.0226,  acc = 0.6760
Epoch 113
loss = 0.0220,  acc = 0.6760
Epoch 114
loss = 0.0214,  acc = 0.6760
Epoch 115
loss = 0.0209,  acc = 0.6760
Epoch 116
loss = 0.0204,  acc = 0.6740
Epoch 117
loss = 0.0199,  acc = 0.6740
Epoch 118
loss = 0.0194,  acc = 0.6740
Epoch 119
loss = 0.0190,  acc = 0.6740
Epoch 120
loss = 0.0185,  acc = 0.6740
Epoch 121
loss = 0.0181,  acc = 0.6740
Epoch 122
loss = 0.0177,  acc = 0.6740
Epoch 123
loss = 0.0173,  acc = 0.6740
Epoch 124
loss = 0.0169,  acc = 0.6740
Epoch 125
loss = 0.0165,  acc = 0.6740
Epoch 126
loss = 0.0162,  acc = 0.6740
Epoch 127
loss = 0.0158,  acc = 0.6740
Epoch 128
loss = 0.0155,  acc = 0.6740
Epoch 129
loss = 0.0152,  acc = 0.6740
Epoch 130
loss = 0.0149,  acc = 0.6740
Epoch 131
loss = 0.0146,  acc = 0.6740
Epoch 132
loss = 0.0143,  acc = 0.6740
Epoch 133
loss = 0.0140,  acc = 0.6740
Epoch 134
loss = 0.0137,  acc = 0.6740
Epoch 135
loss = 0.0135,  acc = 0.6740
Epoch 136
loss = 0.0132,  acc = 0.6740
Epoch 137
loss = 0.0130,  acc = 0.6740
Epoch 138
loss = 0.0127,  acc = 0.6740
Epoch 139
loss = 0.0125,  acc = 0.6740
Epoch 140
loss = 0.0123,  acc = 0.6740
Epoch 141
loss = 0.0120,  acc = 0.6740
Epoch 142
loss = 0.0118,  acc = 0.6740
Epoch 143
loss = 0.0116,  acc = 0.6740
Epoch 144
loss = 0.0114,  acc = 0.6740
Epoch 145
loss = 0.0112,  acc = 0.6740
Epoch 146
loss = 0.0110,  acc = 0.6740
Epoch 147
loss = 0.0109,  acc = 0.6760
Epoch 148
loss = 0.0107,  acc = 0.6760
Epoch 149
loss = 0.0105,  acc = 0.6760
Epoch 150
loss = 0.0103,  acc = 0.6740
Epoch 151
loss = 0.0102,  acc = 0.6720
Epoch 152
loss = 0.0100,  acc = 0.6720
Epoch 153
loss = 0.0098,  acc = 0.6720
Epoch 154
loss = 0.0097,  acc = 0.6720
Epoch 155
loss = 0.0095,  acc = 0.6720
Epoch 156
loss = 0.0094,  acc = 0.6720
Epoch 157
loss = 0.0093,  acc = 0.6700
Epoch 158
loss = 0.0091,  acc = 0.6700
Epoch 159
loss = 0.0090,  acc = 0.6700
Epoch 160
loss = 0.0089,  acc = 0.6700
Epoch 161
loss = 0.0087,  acc = 0.6700
Epoch 162
loss = 0.0086,  acc = 0.6700
Epoch 163
loss = 0.0085,  acc = 0.6700
Epoch 164
loss = 0.0084,  acc = 0.6700
Epoch 165
loss = 0.0082,  acc = 0.6700
Epoch 166
loss = 0.0081,  acc = 0.6700
Epoch 167
loss = 0.0080,  acc = 0.6700
Epoch 168
loss = 0.0079,  acc = 0.6700
Epoch 169
loss = 0.0078,  acc = 0.6700
Epoch 170
loss = 0.0077,  acc = 0.6700
Epoch 171
loss = 0.0076,  acc = 0.6700
Epoch 172
loss = 0.0075,  acc = 0.6700
Epoch 173
loss = 0.0074,  acc = 0.6700
Epoch 174
loss = 0.0073,  acc = 0.6700
Epoch 175
loss = 0.0072,  acc = 0.6700
Epoch 176
loss = 0.0071,  acc = 0.6700
Epoch 177
loss = 0.0070,  acc = 0.6700
Epoch 178
loss = 0.0069,  acc = 0.6700
Epoch 179
loss = 0.0068,  acc = 0.6700
Epoch 180
loss = 0.0067,  acc = 0.6700
Epoch 181
loss = 0.0067,  acc = 0.6700
Epoch 182
loss = 0.0066,  acc = 0.6700
Epoch 183
loss = 0.0065,  acc = 0.6700
Epoch 184
loss = 0.0064,  acc = 0.6700
Epoch 185
loss = 0.0063,  acc = 0.6700
Epoch 186
loss = 0.0063,  acc = 0.6700
Epoch 187
loss = 0.0062,  acc = 0.6700
Epoch 188
loss = 0.0061,  acc = 0.6700
Epoch 189
loss = 0.0060,  acc = 0.6700
Epoch 190
loss = 0.0060,  acc = 0.6700
Epoch 191
loss = 0.0059,  acc = 0.6700
Epoch 192
loss = 0.0058,  acc = 0.6700
Epoch 193
loss = 0.0058,  acc = 0.6700
Epoch 194
loss = 0.0057,  acc = 0.6700
Epoch 195
loss = 0.0056,  acc = 0.6700
Epoch 196
loss = 0.0056,  acc = 0.6700
Epoch 197
loss = 0.0055,  acc = 0.6700
Epoch 198
loss = 0.0054,  acc = 0.6700
Epoch 199
loss = 0.0054,  acc = 0.6700
Epoch 200
loss = 0.0053,  acc = 0.6700
Epoch 201
loss = 0.0053,  acc = 0.6700
Epoch 202
loss = 0.0052,  acc = 0.6700
Epoch 203
loss = 0.0051,  acc = 0.6700
Epoch 204
loss = 0.0051,  acc = 0.6700
Epoch 205
loss = 0.0050,  acc = 0.6700
Epoch 206
loss = 0.0050,  acc = 0.6700
Epoch 207
loss = 0.0049,  acc = 0.6680
Epoch 208
loss = 0.0049,  acc = 0.6680
Epoch 209
loss = 0.0048,  acc = 0.6680
Epoch 210
loss = 0.0048,  acc = 0.6680
Epoch 211
loss = 0.0047,  acc = 0.6680
Epoch 212
loss = 0.0047,  acc = 0.6680
Epoch 213
loss = 0.0046,  acc = 0.6660
Epoch 214
loss = 0.0046,  acc = 0.6660
Epoch 215
loss = 0.0045,  acc = 0.6660
Epoch 216
loss = 0.0045,  acc = 0.6660
Epoch 217
loss = 0.0044,  acc = 0.6660
Epoch 218
loss = 0.0044,  acc = 0.6660
Epoch 219
loss = 0.0044,  acc = 0.6660
Epoch 220
loss = 0.0043,  acc = 0.6660
Epoch 221
loss = 0.0043,  acc = 0.6660
Epoch 222
loss = 0.0042,  acc = 0.6660
Epoch 223
loss = 0.0042,  acc = 0.6660
Epoch 224
loss = 0.0042,  acc = 0.6660
Epoch 225
loss = 0.0041,  acc = 0.6640
Epoch 226
loss = 0.0041,  acc = 0.6640
Epoch 227
loss = 0.0040,  acc = 0.6640
Epoch 228
loss = 0.0040,  acc = 0.6640
Epoch 229
loss = 0.0040,  acc = 0.6640
Epoch 230
loss = 0.0039,  acc = 0.6640
Epoch 231
loss = 0.0039,  acc = 0.6640
Epoch 232
loss = 0.0038,  acc = 0.6640
Epoch 233
loss = 0.0038,  acc = 0.6640
Epoch 234
loss = 0.0038,  acc = 0.6640
Epoch 235
loss = 0.0037,  acc = 0.6640
Epoch 236
loss = 0.0037,  acc = 0.6640
Epoch 237
loss = 0.0037,  acc = 0.6640
Epoch 238
loss = 0.0036,  acc = 0.6640
Epoch 239
loss = 0.0036,  acc = 0.6660
Epoch 240
loss = 0.0036,  acc = 0.6660
Epoch 241
loss = 0.0035,  acc = 0.6660
Epoch 242
loss = 0.0035,  acc = 0.6660
Epoch 243
loss = 0.0035,  acc = 0.6660
Epoch 244
loss = 0.0035,  acc = 0.6660
Epoch 245
loss = 0.0034,  acc = 0.6660
Epoch 246
loss = 0.0034,  acc = 0.6660
Epoch 247
loss = 0.0034,  acc = 0.6660
Epoch 248
loss = 0.0033,  acc = 0.6660
Epoch 249
loss = 0.0033,  acc = 0.6660
Epoch 250
loss = 0.0033,  acc = 0.6660
Epoch 251
loss = 0.0032,  acc = 0.6660
Epoch 252
loss = 0.0032,  acc = 0.6660
Epoch 253
loss = 0.0032,  acc = 0.6660
Epoch 254
loss = 0.0032,  acc = 0.6660
Epoch 255
loss = 0.0031,  acc = 0.6660
Epoch 256
loss = 0.0031,  acc = 0.6660
Epoch 257
loss = 0.0031,  acc = 0.6660
Epoch 258
loss = 0.0031,  acc = 0.6660
Epoch 259
loss = 0.0030,  acc = 0.6660
Epoch 260
loss = 0.0030,  acc = 0.6660
Epoch 261
loss = 0.0030,  acc = 0.6660
Epoch 262
loss = 0.0030,  acc = 0.6660
Epoch 263
loss = 0.0029,  acc = 0.6660
Epoch 264
loss = 0.0029,  acc = 0.6660
Epoch 265
loss = 0.0029,  acc = 0.6660
Epoch 266
loss = 0.0029,  acc = 0.6660
Epoch 267
loss = 0.0028,  acc = 0.6660
Epoch 268
loss = 0.0028,  acc = 0.6660
Epoch 269
loss = 0.0028,  acc = 0.6660
Epoch 270
loss = 0.0028,  acc = 0.6660
Epoch 271
loss = 0.0028,  acc = 0.6660
Epoch 272
loss = 0.0027,  acc = 0.6660
Epoch 273
loss = 0.0027,  acc = 0.6660
Epoch 274
loss = 0.0027,  acc = 0.6660
Epoch 275
loss = 0.0027,  acc = 0.6660
Epoch 276
loss = 0.0027,  acc = 0.6660
Epoch 277
loss = 0.0026,  acc = 0.6660
Epoch 278
loss = 0.0026,  acc = 0.6660
Epoch 279
loss = 0.0026,  acc = 0.6660
Epoch 280
loss = 0.0026,  acc = 0.6660
Epoch 281
loss = 0.0026,  acc = 0.6640
Epoch 282
loss = 0.0025,  acc = 0.6640
Epoch 283
loss = 0.0025,  acc = 0.6640
Epoch 284
loss = 0.0025,  acc = 0.6640
Epoch 285
loss = 0.0025,  acc = 0.6640
Epoch 286
loss = 0.0025,  acc = 0.6640
Epoch 287
loss = 0.0024,  acc = 0.6640
Epoch 288
loss = 0.0024,  acc = 0.6640
Epoch 289
loss = 0.0024,  acc = 0.6640
Epoch 290
loss = 0.0024,  acc = 0.6640
Epoch 291
loss = 0.0024,  acc = 0.6640
Epoch 292
loss = 0.0024,  acc = 0.6640
Epoch 293
loss = 0.0023,  acc = 0.6640
Epoch 294
loss = 0.0023,  acc = 0.6640
Epoch 295
loss = 0.0023,  acc = 0.6640
Epoch 296
loss = 0.0023,  acc = 0.6640
Epoch 297
loss = 0.0023,  acc = 0.6640
Epoch 298
loss = 0.0023,  acc = 0.6640
Epoch 299
loss = 0.0022,  acc = 0.6640
Epoch 300
loss = 0.0022,  acc = 0.6640
Epoch 301
loss = 0.0022,  acc = 0.6640
Epoch 302
loss = 0.0022,  acc = 0.6640
Epoch 303
loss = 0.0022,  acc = 0.6620
Epoch 304
loss = 0.0022,  acc = 0.6620
Epoch 305
loss = 0.0022,  acc = 0.6620
Epoch 306
loss = 0.0021,  acc = 0.6620
Epoch 307
loss = 0.0021,  acc = 0.6620
Epoch 308
loss = 0.0021,  acc = 0.6620
Epoch 309
loss = 0.0021,  acc = 0.6620
Epoch 310
loss = 0.0021,  acc = 0.6620
Epoch 311
loss = 0.0021,  acc = 0.6620
Epoch 312
loss = 0.0021,  acc = 0.6620
Epoch 313
loss = 0.0020,  acc = 0.6620
Epoch 314
loss = 0.0020,  acc = 0.6620
Epoch 315
loss = 0.0020,  acc = 0.6620
Epoch 316
loss = 0.0020,  acc = 0.6620
Epoch 317
loss = 0.0020,  acc = 0.6620
Epoch 318
loss = 0.0020,  acc = 0.6620
Epoch 319
loss = 0.0020,  acc = 0.6620
Epoch 320
loss = 0.0019,  acc = 0.6620
Epoch 321
loss = 0.0019,  acc = 0.6620
Epoch 322
loss = 0.0019,  acc = 0.6620
Epoch 323
loss = 0.0019,  acc = 0.6620
Epoch 324
loss = 0.0019,  acc = 0.6620
Epoch 325
loss = 0.0019,  acc = 0.6620
Epoch 326
loss = 0.0019,  acc = 0.6620
Epoch 327
loss = 0.0019,  acc = 0.6620
Epoch 328
loss = 0.0018,  acc = 0.6620
Epoch 329
loss = 0.0018,  acc = 0.6620
Epoch 330
loss = 0.0018,  acc = 0.6620
Epoch 331
loss = 0.0018,  acc = 0.6620
Epoch 332
loss = 0.0018,  acc = 0.6620
Epoch 333
loss = 0.0018,  acc = 0.6620
Epoch 334
loss = 0.0018,  acc = 0.6620
Epoch 335
loss = 0.0018,  acc = 0.6620
Epoch 336
loss = 0.0018,  acc = 0.6620
Epoch 337
loss = 0.0017,  acc = 0.6620
Epoch 338
loss = 0.0017,  acc = 0.6620
Epoch 339
loss = 0.0017,  acc = 0.6620
Epoch 340
loss = 0.0017,  acc = 0.6620
Epoch 341
loss = 0.0017,  acc = 0.6620
Epoch 342
loss = 0.0017,  acc = 0.6620
Epoch 343
loss = 0.0017,  acc = 0.6620
Epoch 344
loss = 0.0017,  acc = 0.6620
Epoch 345
loss = 0.0017,  acc = 0.6620
Epoch 346
loss = 0.0017,  acc = 0.6620
Epoch 347
loss = 0.0016,  acc = 0.6620
Epoch 348
loss = 0.0016,  acc = 0.6620
Epoch 349
loss = 0.0016,  acc = 0.6620
Epoch 350
loss = 0.0016,  acc = 0.6620
Epoch 351
loss = 0.0016,  acc = 0.6620
Epoch 352
loss = 0.0016,  acc = 0.6620
Epoch 353
loss = 0.0016,  acc = 0.6620
Epoch 354
loss = 0.0016,  acc = 0.6620
Epoch 355
loss = 0.0016,  acc = 0.6620
Epoch 356
loss = 0.0016,  acc = 0.6620
Epoch 357
loss = 0.0016,  acc = 0.6620
Epoch 358
loss = 0.0015,  acc = 0.6620
Epoch 359
loss = 0.0015,  acc = 0.6620
Epoch 360
loss = 0.0015,  acc = 0.6620
Epoch 361
loss = 0.0015,  acc = 0.6620
Epoch 362
loss = 0.0015,  acc = 0.6620
Epoch 363
loss = 0.0015,  acc = 0.6620
Epoch 364
loss = 0.0015,  acc = 0.6620
Epoch 365
loss = 0.0015,  acc = 0.6620
Epoch 366
loss = 0.0015,  acc = 0.6620
Epoch 367
loss = 0.0015,  acc = 0.6620
Epoch 368
loss = 0.0015,  acc = 0.6620
Epoch 369
loss = 0.0014,  acc = 0.6620
Epoch 370
loss = 0.0014,  acc = 0.6620
Epoch 371
loss = 0.0014,  acc = 0.6620
Epoch 372
loss = 0.0014,  acc = 0.6620
Epoch 373
loss = 0.0014,  acc = 0.6620
Epoch 374
loss = 0.0014,  acc = 0.6620
Epoch 375
loss = 0.0014,  acc = 0.6620
Epoch 376
loss = 0.0014,  acc = 0.6620
Epoch 377
loss = 0.0014,  acc = 0.6620
Epoch 378
loss = 0.0014,  acc = 0.6620
Epoch 379
loss = 0.0014,  acc = 0.6620
Epoch 380
loss = 0.0014,  acc = 0.6620
Epoch 381
loss = 0.0014,  acc = 0.6620
Epoch 382
loss = 0.0013,  acc = 0.6620
Epoch 383
loss = 0.0013,  acc = 0.6620
Epoch 384
loss = 0.0013,  acc = 0.6620
Epoch 385
loss = 0.0013,  acc = 0.6620
Epoch 386
loss = 0.0013,  acc = 0.6600
Epoch 387
loss = 0.0013,  acc = 0.6600
Epoch 388
loss = 0.0013,  acc = 0.6600
Epoch 389
loss = 0.0013,  acc = 0.6600
Epoch 390
loss = 0.0013,  acc = 0.6600
Epoch 391
loss = 0.0013,  acc = 0.6600
Epoch 392
loss = 0.0013,  acc = 0.6600
Epoch 393
loss = 0.0013,  acc = 0.6600
Epoch 394
loss = 0.0013,  acc = 0.6600
Epoch 395
loss = 0.0013,  acc = 0.6600
Epoch 396
loss = 0.0013,  acc = 0.6600
Epoch 397
loss = 0.0012,  acc = 0.6600
Epoch 398
loss = 0.0012,  acc = 0.6600
Epoch 399
loss = 0.0012,  acc = 0.6600
Epoch 400
loss = 0.0012,  acc = 0.6600
Epoch 401
loss = 0.0012,  acc = 0.6600
Epoch 402
loss = 0.0012,  acc = 0.6600
Epoch 403
loss = 0.0012,  acc = 0.6600
Epoch 404
loss = 0.0012,  acc = 0.6600
Epoch 405
loss = 0.0012,  acc = 0.6600
Epoch 406
loss = 0.0012,  acc = 0.6600
Epoch 407
loss = 0.0012,  acc = 0.6600
Epoch 408
loss = 0.0012,  acc = 0.6600
Epoch 409
loss = 0.0012,  acc = 0.6600
Epoch 410
loss = 0.0012,  acc = 0.6600
Epoch 411
loss = 0.0012,  acc = 0.6600
Epoch 412
loss = 0.0012,  acc = 0.6620
Epoch 413
loss = 0.0011,  acc = 0.6600
Epoch 414
loss = 0.0011,  acc = 0.6600
Epoch 415
loss = 0.0011,  acc = 0.6600
Epoch 416
loss = 0.0011,  acc = 0.6600
Epoch 417
loss = 0.0011,  acc = 0.6600
Epoch 418
loss = 0.0011,  acc = 0.6600
Epoch 419
loss = 0.0011,  acc = 0.6600
Epoch 420
loss = 0.0011,  acc = 0.6600
Epoch 421
loss = 0.0011,  acc = 0.6600
Epoch 422
loss = 0.0011,  acc = 0.6600
Epoch 423
loss = 0.0011,  acc = 0.6600
Epoch 424
loss = 0.0011,  acc = 0.6600
Epoch 425
loss = 0.0011,  acc = 0.6600
Epoch 426
loss = 0.0011,  acc = 0.6600
Epoch 427
loss = 0.0011,  acc = 0.6600
Epoch 428
loss = 0.0011,  acc = 0.6600
Epoch 429
loss = 0.0011,  acc = 0.6600
Epoch 430
loss = 0.0011,  acc = 0.6600
Epoch 431
loss = 0.0011,  acc = 0.6600
Epoch 432
loss = 0.0010,  acc = 0.6600
Epoch 433
loss = 0.0010,  acc = 0.6600
Epoch 434
loss = 0.0010,  acc = 0.6600
Epoch 435
loss = 0.0010,  acc = 0.6600
Epoch 436
loss = 0.0010,  acc = 0.6600
Epoch 437
loss = 0.0010,  acc = 0.6600
Epoch 438
loss = 0.0010,  acc = 0.6600
Epoch 439
loss = 0.0010,  acc = 0.6600
Epoch 440
loss = 0.0010,  acc = 0.6600
Epoch 441
loss = 0.0010,  acc = 0.6600
Epoch 442
loss = 0.0010,  acc = 0.6600
Epoch 443
loss = 0.0010,  acc = 0.6600
Epoch 444
loss = 0.0010,  acc = 0.6600
Epoch 445
loss = 0.0010,  acc = 0.6600
Epoch 446
loss = 0.0010,  acc = 0.6600
Epoch 447
loss = 0.0010,  acc = 0.6600
Epoch 448
loss = 0.0010,  acc = 0.6600
Epoch 449
loss = 0.0010,  acc = 0.6600
Epoch 450
loss = 0.0010,  acc = 0.6600
Epoch 451
loss = 0.0010,  acc = 0.6600
Epoch 452
loss = 0.0010,  acc = 0.6600
Epoch 453
loss = 0.0009,  acc = 0.6600
Epoch 454
loss = 0.0009,  acc = 0.6600
Epoch 455
loss = 0.0009,  acc = 0.6600
Epoch 456
loss = 0.0009,  acc = 0.6600
Epoch 457
loss = 0.0009,  acc = 0.6600
Epoch 458
loss = 0.0009,  acc = 0.6600
Epoch 459
loss = 0.0009,  acc = 0.6600
Epoch 460
loss = 0.0009,  acc = 0.6600
Epoch 461
loss = 0.0009,  acc = 0.6600
Epoch 462
loss = 0.0009,  acc = 0.6600
Epoch 463
loss = 0.0009,  acc = 0.6600
Epoch 464
loss = 0.0009,  acc = 0.6600
Epoch 465
loss = 0.0009,  acc = 0.6600
Epoch 466
loss = 0.0009,  acc = 0.6600
Epoch 467
loss = 0.0009,  acc = 0.6600
Epoch 468
loss = 0.0009,  acc = 0.6600
Epoch 469
loss = 0.0009,  acc = 0.6600
Epoch 470
loss = 0.0009,  acc = 0.6600
Epoch 471
loss = 0.0009,  acc = 0.6600
Epoch 472
loss = 0.0009,  acc = 0.6600
Epoch 473
loss = 0.0009,  acc = 0.6600
Epoch 474
loss = 0.0009,  acc = 0.6600
Epoch 475
loss = 0.0009,  acc = 0.6600
Epoch 476
loss = 0.0009,  acc = 0.6600
Epoch 477
loss = 0.0009,  acc = 0.6600
Epoch 478
loss = 0.0009,  acc = 0.6600
Epoch 479
loss = 0.0008,  acc = 0.6600
Epoch 480
loss = 0.0008,  acc = 0.6600
Epoch 481
loss = 0.0008,  acc = 0.6600
Epoch 482
loss = 0.0008,  acc = 0.6600
Epoch 483
loss = 0.0008,  acc = 0.6600
Epoch 484
loss = 0.0008,  acc = 0.6600
Epoch 485
loss = 0.0008,  acc = 0.6600
Epoch 486
loss = 0.0008,  acc = 0.6600
Epoch 487
loss = 0.0008,  acc = 0.6600
Epoch 488
loss = 0.0008,  acc = 0.6600
Epoch 489
loss = 0.0008,  acc = 0.6600
Epoch 490
loss = 0.0008,  acc = 0.6600
Epoch 491
loss = 0.0008,  acc = 0.6600
Epoch 492
loss = 0.0008,  acc = 0.6600
Epoch 493
loss = 0.0008,  acc = 0.6600
Epoch 494
loss = 0.0008,  acc = 0.6600
Epoch 495
loss = 0.0008,  acc = 0.6600
Epoch 496
loss = 0.0008,  acc = 0.6600
Epoch 497
loss = 0.0008,  acc = 0.6600
Epoch 498
loss = 0.0008,  acc = 0.6600
Epoch 499
loss = 0.0008,  acc = 0.6600

Total Time =  16.330385208129883
test accuracy = 0.6400
part_id:  []
train_node:  120
valid_node:  500
test_node:  1000
  NumNodes: 3327
  NumEdges: 9228
  NumFeats: 3703
  NumClasses: 6
  NumTrainingSamples: 120
  NumValidationSamples: 500
  NumTestSamples: 1000
Done loading data from cached files.
num_edge =  9228
time_rebuild =  0.0006475448608398438
Epoch 0
loss = 1.8133,  acc = 0.2320
Epoch 1
loss = 1.7987,  acc = 0.2320
Epoch 2
loss = 1.7856,  acc = 0.2320
Epoch 3
loss = 1.7728,  acc = 0.2320
Epoch 4
loss = 1.7596,  acc = 0.2320
Epoch 5
loss = 1.7456,  acc = 0.2320
Epoch 6
loss = 1.7308,  acc = 0.2320
Epoch 7
loss = 1.7154,  acc = 0.2320
Epoch 8
loss = 1.6992,  acc = 0.2320
Epoch 9
loss = 1.6820,  acc = 0.2320
Epoch 10
loss = 1.6643,  acc = 0.2320
Epoch 11
loss = 1.6462,  acc = 0.2320
Epoch 12
loss = 1.6279,  acc = 0.2320
Epoch 13
loss = 1.6090,  acc = 0.2320
Epoch 14
loss = 1.5892,  acc = 0.2340
Epoch 15
loss = 1.5683,  acc = 0.2360
Epoch 16
loss = 1.5462,  acc = 0.2360
Epoch 17
loss = 1.5230,  acc = 0.2360
Epoch 18
loss = 1.4989,  acc = 0.2360
Epoch 19
loss = 1.4739,  acc = 0.2360
Epoch 20
loss = 1.4480,  acc = 0.2360
Epoch 21
loss = 1.4211,  acc = 0.2440
Epoch 22
loss = 1.3932,  acc = 0.2640
Epoch 23
loss = 1.3646,  acc = 0.2820
Epoch 24
loss = 1.3353,  acc = 0.3180
Epoch 25
loss = 1.3052,  acc = 0.3480
Epoch 26
loss = 1.2744,  acc = 0.3620
Epoch 27
loss = 1.2431,  acc = 0.3940
Epoch 28
loss = 1.2112,  acc = 0.4040
Epoch 29
loss = 1.1787,  acc = 0.4280
Epoch 30
loss = 1.1458,  acc = 0.4300
Epoch 31
loss = 1.1123,  acc = 0.4420
Epoch 32
loss = 1.0785,  acc = 0.4540
Epoch 33
loss = 1.0444,  acc = 0.4660
Epoch 34
loss = 1.0101,  acc = 0.4740
Epoch 35
loss = 0.9757,  acc = 0.4860
Epoch 36
loss = 0.9411,  acc = 0.4980
Epoch 37
loss = 0.9065,  acc = 0.5140
Epoch 38
loss = 0.8718,  acc = 0.5300
Epoch 39
loss = 0.8373,  acc = 0.5380
Epoch 40
loss = 0.8030,  acc = 0.5520
Epoch 41
loss = 0.7689,  acc = 0.5580
Epoch 42
loss = 0.7352,  acc = 0.5720
Epoch 43
loss = 0.7019,  acc = 0.5880
Epoch 44
loss = 0.6692,  acc = 0.6020
Epoch 45
loss = 0.6370,  acc = 0.6180
Epoch 46
loss = 0.6056,  acc = 0.6220
Epoch 47
loss = 0.5749,  acc = 0.6280
Epoch 48
loss = 0.5450,  acc = 0.6340
Epoch 49
loss = 0.5158,  acc = 0.6340
Epoch 50
loss = 0.4875,  acc = 0.6440
Epoch 51
loss = 0.4600,  acc = 0.6400
Epoch 52
loss = 0.4337,  acc = 0.6480
Epoch 53
loss = 0.4088,  acc = 0.6500
Epoch 54
loss = 0.3850,  acc = 0.6500
Epoch 55
loss = 0.3624,  acc = 0.6500
Epoch 56
loss = 0.3408,  acc = 0.6500
Epoch 57
loss = 0.3203,  acc = 0.6520
Epoch 58
loss = 0.3009,  acc = 0.6540
Epoch 59
loss = 0.2826,  acc = 0.6540
Epoch 60
loss = 0.2653,  acc = 0.6560
Epoch 61
loss = 0.2491,  acc = 0.6580
Epoch 62
loss = 0.2338,  acc = 0.6580
Epoch 63
loss = 0.2195,  acc = 0.6580
Epoch 64
loss = 0.2061,  acc = 0.6600
Epoch 65
loss = 0.1936,  acc = 0.6600
Epoch 66
loss = 0.1820,  acc = 0.6600
Epoch 67
loss = 0.1711,  acc = 0.6600
Epoch 68
loss = 0.1609,  acc = 0.6620
Epoch 69
loss = 0.1514,  acc = 0.6640
Epoch 70
loss = 0.1425,  acc = 0.6640
Epoch 71
loss = 0.1342,  acc = 0.6640
Epoch 72
loss = 0.1265,  acc = 0.6640
Epoch 73
loss = 0.1193,  acc = 0.6720
Epoch 74
loss = 0.1125,  acc = 0.6700
Epoch 75
loss = 0.1063,  acc = 0.6700
Epoch 76
loss = 0.1005,  acc = 0.6720
Epoch 77
loss = 0.0950,  acc = 0.6740
Epoch 78
loss = 0.0900,  acc = 0.6740
Epoch 79
loss = 0.0853,  acc = 0.6760
Epoch 80
loss = 0.0809,  acc = 0.6760
Epoch 81
loss = 0.0768,  acc = 0.6760
Epoch 82
loss = 0.0729,  acc = 0.6780
Epoch 83
loss = 0.0694,  acc = 0.6760
Epoch 84
loss = 0.0660,  acc = 0.6760
Epoch 85
loss = 0.0629,  acc = 0.6740
Epoch 86
loss = 0.0600,  acc = 0.6740
Epoch 87
loss = 0.0573,  acc = 0.6740
Epoch 88
loss = 0.0547,  acc = 0.6760
Epoch 89
loss = 0.0523,  acc = 0.6780
Epoch 90
loss = 0.0500,  acc = 0.6780
Epoch 91
loss = 0.0479,  acc = 0.6780
Epoch 92
loss = 0.0459,  acc = 0.6780
Epoch 93
loss = 0.0441,  acc = 0.6780
Epoch 94
loss = 0.0423,  acc = 0.6780
Epoch 95
loss = 0.0406,  acc = 0.6760
Epoch 96
loss = 0.0391,  acc = 0.6760
Epoch 97
loss = 0.0376,  acc = 0.6760
Epoch 98
loss = 0.0362,  acc = 0.6760
Epoch 99
loss = 0.0349,  acc = 0.6760
Epoch 100
loss = 0.0337,  acc = 0.6760
Epoch 101
loss = 0.0325,  acc = 0.6760
Epoch 102
loss = 0.0314,  acc = 0.6760
Epoch 103
loss = 0.0304,  acc = 0.6760
Epoch 104
loss = 0.0294,  acc = 0.6760
Epoch 105
loss = 0.0284,  acc = 0.6740
Epoch 106
loss = 0.0275,  acc = 0.6720
Epoch 107
loss = 0.0267,  acc = 0.6720
Epoch 108
loss = 0.0259,  acc = 0.6720
Epoch 109
loss = 0.0251,  acc = 0.6720
Epoch 110
loss = 0.0244,  acc = 0.6720
Epoch 111
loss = 0.0237,  acc = 0.6720
Epoch 112
loss = 0.0230,  acc = 0.6720
Epoch 113
loss = 0.0224,  acc = 0.6720
Epoch 114
loss = 0.0218,  acc = 0.6720
Epoch 115
loss = 0.0212,  acc = 0.6720
Epoch 116
loss = 0.0206,  acc = 0.6720
Epoch 117
loss = 0.0201,  acc = 0.6720
Epoch 118
loss = 0.0196,  acc = 0.6720
Epoch 119
loss = 0.0191,  acc = 0.6720
Epoch 120
loss = 0.0186,  acc = 0.6720
Epoch 121
loss = 0.0182,  acc = 0.6720
Epoch 122
loss = 0.0178,  acc = 0.6720
Epoch 123
loss = 0.0174,  acc = 0.6720
Epoch 124
loss = 0.0170,  acc = 0.6720
Epoch 125
loss = 0.0166,  acc = 0.6720
Epoch 126
loss = 0.0162,  acc = 0.6720
Epoch 127
loss = 0.0159,  acc = 0.6720
Epoch 128
loss = 0.0155,  acc = 0.6720
Epoch 129
loss = 0.0152,  acc = 0.6700
Epoch 130
loss = 0.0149,  acc = 0.6700
Epoch 131
loss = 0.0146,  acc = 0.6680
Epoch 132
loss = 0.0143,  acc = 0.6680
Epoch 133
loss = 0.0140,  acc = 0.6680
Epoch 134
loss = 0.0137,  acc = 0.6680
Epoch 135
loss = 0.0135,  acc = 0.6680
Epoch 136
loss = 0.0132,  acc = 0.6680
Epoch 137
loss = 0.0130,  acc = 0.6660
Epoch 138
loss = 0.0127,  acc = 0.6660
Epoch 139
loss = 0.0125,  acc = 0.6660
Epoch 140
loss = 0.0123,  acc = 0.6660
Epoch 141
loss = 0.0120,  acc = 0.6660
Epoch 142
loss = 0.0118,  acc = 0.6660
Epoch 143
loss = 0.0116,  acc = 0.6660
Epoch 144
loss = 0.0114,  acc = 0.6640
Epoch 145
loss = 0.0112,  acc = 0.6640
Epoch 146
loss = 0.0110,  acc = 0.6640
Epoch 147
loss = 0.0108,  acc = 0.6640
Epoch 148
loss = 0.0107,  acc = 0.6640
Epoch 149
loss = 0.0105,  acc = 0.6640
Epoch 150
loss = 0.0103,  acc = 0.6640
Epoch 151
loss = 0.0102,  acc = 0.6640
Epoch 152
loss = 0.0100,  acc = 0.6640
Epoch 153
loss = 0.0098,  acc = 0.6640
Epoch 154
loss = 0.0097,  acc = 0.6640
Epoch 155
loss = 0.0095,  acc = 0.6640
Epoch 156
loss = 0.0094,  acc = 0.6640
Epoch 157
loss = 0.0092,  acc = 0.6640
Epoch 158
loss = 0.0091,  acc = 0.6640
Epoch 159
loss = 0.0090,  acc = 0.6640
Epoch 160
loss = 0.0088,  acc = 0.6640
Epoch 161
loss = 0.0087,  acc = 0.6640
Epoch 162
loss = 0.0086,  acc = 0.6640
Epoch 163
loss = 0.0085,  acc = 0.6640
Epoch 164
loss = 0.0083,  acc = 0.6640
Epoch 165
loss = 0.0082,  acc = 0.6640
Epoch 166
loss = 0.0081,  acc = 0.6660
Epoch 167
loss = 0.0080,  acc = 0.6660
Epoch 168
loss = 0.0079,  acc = 0.6660
Epoch 169
loss = 0.0078,  acc = 0.6660
Epoch 170
loss = 0.0077,  acc = 0.6660
Epoch 171
loss = 0.0076,  acc = 0.6660
Epoch 172
loss = 0.0075,  acc = 0.6680
Epoch 173
loss = 0.0074,  acc = 0.6660
Epoch 174
loss = 0.0073,  acc = 0.6660
Epoch 175
loss = 0.0072,  acc = 0.6660
Epoch 176
loss = 0.0071,  acc = 0.6660
Epoch 177
loss = 0.0070,  acc = 0.6660
Epoch 178
loss = 0.0069,  acc = 0.6660
Epoch 179
loss = 0.0068,  acc = 0.6660
Epoch 180
loss = 0.0067,  acc = 0.6660
Epoch 181
loss = 0.0066,  acc = 0.6680
Epoch 182
loss = 0.0066,  acc = 0.6680
Epoch 183
loss = 0.0065,  acc = 0.6680
Epoch 184
loss = 0.0064,  acc = 0.6680
Epoch 185
loss = 0.0063,  acc = 0.6680
Epoch 186
loss = 0.0062,  acc = 0.6680
Epoch 187
loss = 0.0062,  acc = 0.6680
Epoch 188
loss = 0.0061,  acc = 0.6680
Epoch 189
loss = 0.0060,  acc = 0.6680
Epoch 190
loss = 0.0060,  acc = 0.6680
Epoch 191
loss = 0.0059,  acc = 0.6680
Epoch 192
loss = 0.0058,  acc = 0.6680
Epoch 193
loss = 0.0057,  acc = 0.6680
Epoch 194
loss = 0.0057,  acc = 0.6680
Epoch 195
loss = 0.0056,  acc = 0.6680
Epoch 196
loss = 0.0056,  acc = 0.6680
Epoch 197
loss = 0.0055,  acc = 0.6660
Epoch 198
loss = 0.0054,  acc = 0.6660
Epoch 199
loss = 0.0054,  acc = 0.6640
Epoch 200
loss = 0.0053,  acc = 0.6640
Epoch 201
loss = 0.0053,  acc = 0.6640
Epoch 202
loss = 0.0052,  acc = 0.6620
Epoch 203
loss = 0.0051,  acc = 0.6620
Epoch 204
loss = 0.0051,  acc = 0.6620
Epoch 205
loss = 0.0050,  acc = 0.6620
Epoch 206
loss = 0.0050,  acc = 0.6620
Epoch 207
loss = 0.0049,  acc = 0.6620
Epoch 208
loss = 0.0049,  acc = 0.6620
Epoch 209
loss = 0.0048,  acc = 0.6620
Epoch 210
loss = 0.0048,  acc = 0.6640
Epoch 211
loss = 0.0047,  acc = 0.6640
Epoch 212
loss = 0.0047,  acc = 0.6640
Epoch 213
loss = 0.0046,  acc = 0.6640
Epoch 214
loss = 0.0046,  acc = 0.6640
Epoch 215
loss = 0.0045,  acc = 0.6640
Epoch 216
loss = 0.0045,  acc = 0.6640
Epoch 217
loss = 0.0044,  acc = 0.6640
Epoch 218
loss = 0.0044,  acc = 0.6620
Epoch 219
loss = 0.0044,  acc = 0.6620
Epoch 220
loss = 0.0043,  acc = 0.6620
Epoch 221
loss = 0.0043,  acc = 0.6620
Epoch 222
loss = 0.0042,  acc = 0.6620
Epoch 223
loss = 0.0042,  acc = 0.6620
Epoch 224
loss = 0.0041,  acc = 0.6620
Epoch 225
loss = 0.0041,  acc = 0.6620
Epoch 226
loss = 0.0041,  acc = 0.6620
Epoch 227
loss = 0.0040,  acc = 0.6620
Epoch 228
loss = 0.0040,  acc = 0.6620
Epoch 229
loss = 0.0040,  acc = 0.6620
Epoch 230
loss = 0.0039,  acc = 0.6620
Epoch 231
loss = 0.0039,  acc = 0.6620
Epoch 232
loss = 0.0038,  acc = 0.6620
Epoch 233
loss = 0.0038,  acc = 0.6620
Epoch 234
loss = 0.0038,  acc = 0.6620
Epoch 235
loss = 0.0037,  acc = 0.6620
Epoch 236
loss = 0.0037,  acc = 0.6620
Epoch 237
loss = 0.0037,  acc = 0.6620
Epoch 238
loss = 0.0036,  acc = 0.6620
Epoch 239
loss = 0.0036,  acc = 0.6620
Epoch 240
loss = 0.0036,  acc = 0.6620
Epoch 241
loss = 0.0036,  acc = 0.6580
Epoch 242
loss = 0.0035,  acc = 0.6580
Epoch 243
loss = 0.0035,  acc = 0.6580
Epoch 244
loss = 0.0035,  acc = 0.6580
Epoch 245
loss = 0.0034,  acc = 0.6580
Epoch 246
loss = 0.0034,  acc = 0.6580
Epoch 247
loss = 0.0034,  acc = 0.6580
Epoch 248
loss = 0.0033,  acc = 0.6580
Epoch 249
loss = 0.0033,  acc = 0.6580
Epoch 250
loss = 0.0033,  acc = 0.6580
Epoch 251
loss = 0.0033,  acc = 0.6580
Epoch 252
loss = 0.0032,  acc = 0.6580
Epoch 253
loss = 0.0032,  acc = 0.6580
Epoch 254
loss = 0.0032,  acc = 0.6580
Epoch 255
loss = 0.0032,  acc = 0.6580
Epoch 256
loss = 0.0031,  acc = 0.6580
Epoch 257
loss = 0.0031,  acc = 0.6580
Epoch 258
loss = 0.0031,  acc = 0.6580
Epoch 259
loss = 0.0031,  acc = 0.6580
Epoch 260
loss = 0.0030,  acc = 0.6580
Epoch 261
loss = 0.0030,  acc = 0.6580
Epoch 262
loss = 0.0030,  acc = 0.6580
Epoch 263
loss = 0.0030,  acc = 0.6580
Epoch 264
loss = 0.0029,  acc = 0.6580
Epoch 265
loss = 0.0029,  acc = 0.6580
Epoch 266
loss = 0.0029,  acc = 0.6580
Epoch 267
loss = 0.0029,  acc = 0.6580
Epoch 268
loss = 0.0028,  acc = 0.6580
Epoch 269
loss = 0.0028,  acc = 0.6580
Epoch 270
loss = 0.0028,  acc = 0.6580
Epoch 271
loss = 0.0028,  acc = 0.6580
Epoch 272
loss = 0.0028,  acc = 0.6580
Epoch 273
loss = 0.0027,  acc = 0.6580
Epoch 274
loss = 0.0027,  acc = 0.6580
Epoch 275
loss = 0.0027,  acc = 0.6580
Epoch 276
loss = 0.0027,  acc = 0.6580
Epoch 277
loss = 0.0027,  acc = 0.6580
Epoch 278
loss = 0.0026,  acc = 0.6580
Epoch 279
loss = 0.0026,  acc = 0.6580
Epoch 280
loss = 0.0026,  acc = 0.6580
Epoch 281
loss = 0.0026,  acc = 0.6580
Epoch 282
loss = 0.0026,  acc = 0.6580
Epoch 283
loss = 0.0025,  acc = 0.6580
Epoch 284
loss = 0.0025,  acc = 0.6580
Epoch 285
loss = 0.0025,  acc = 0.6580
Epoch 286
loss = 0.0025,  acc = 0.6580
Epoch 287
loss = 0.0025,  acc = 0.6580
Epoch 288
loss = 0.0025,  acc = 0.6580
Epoch 289
loss = 0.0024,  acc = 0.6580
Epoch 290
loss = 0.0024,  acc = 0.6580
Epoch 291
loss = 0.0024,  acc = 0.6580
Epoch 292
loss = 0.0024,  acc = 0.6560
Epoch 293
loss = 0.0024,  acc = 0.6560
Epoch 294
loss = 0.0024,  acc = 0.6560
Epoch 295
loss = 0.0023,  acc = 0.6560
Epoch 296
loss = 0.0023,  acc = 0.6560
Epoch 297
loss = 0.0023,  acc = 0.6560
Epoch 298
loss = 0.0023,  acc = 0.6560
Epoch 299
loss = 0.0023,  acc = 0.6560
Epoch 300
loss = 0.0023,  acc = 0.6560
Epoch 301
loss = 0.0022,  acc = 0.6560
Epoch 302
loss = 0.0022,  acc = 0.6560
Epoch 303
loss = 0.0022,  acc = 0.6560
Epoch 304
loss = 0.0022,  acc = 0.6560
Epoch 305
loss = 0.0022,  acc = 0.6560
Epoch 306
loss = 0.0022,  acc = 0.6560
Epoch 307
loss = 0.0022,  acc = 0.6560
Epoch 308
loss = 0.0021,  acc = 0.6560
Epoch 309
loss = 0.0021,  acc = 0.6540
Epoch 310
loss = 0.0021,  acc = 0.6540
Epoch 311
loss = 0.0021,  acc = 0.6540
Epoch 312
loss = 0.0021,  acc = 0.6540
Epoch 313
loss = 0.0021,  acc = 0.6540
Epoch 314
loss = 0.0021,  acc = 0.6540
Epoch 315
loss = 0.0020,  acc = 0.6520
Epoch 316
loss = 0.0020,  acc = 0.6520
Epoch 317
loss = 0.0020,  acc = 0.6520
Epoch 318
loss = 0.0020,  acc = 0.6520
Epoch 319
loss = 0.0020,  acc = 0.6520
Epoch 320
loss = 0.0020,  acc = 0.6520
Epoch 321
loss = 0.0020,  acc = 0.6520
Epoch 322
loss = 0.0020,  acc = 0.6520
Epoch 323
loss = 0.0019,  acc = 0.6520
Epoch 324
loss = 0.0019,  acc = 0.6520
Epoch 325
loss = 0.0019,  acc = 0.6520
Epoch 326
loss = 0.0019,  acc = 0.6520
Epoch 327
loss = 0.0019,  acc = 0.6520
Epoch 328
loss = 0.0019,  acc = 0.6520
Epoch 329
loss = 0.0019,  acc = 0.6520
Epoch 330
loss = 0.0019,  acc = 0.6520
Epoch 331
loss = 0.0018,  acc = 0.6520
Epoch 332
loss = 0.0018,  acc = 0.6520
Epoch 333
loss = 0.0018,  acc = 0.6520
Epoch 334
loss = 0.0018,  acc = 0.6520
Epoch 335
loss = 0.0018,  acc = 0.6520
Epoch 336
loss = 0.0018,  acc = 0.6520
Epoch 337
loss = 0.0018,  acc = 0.6520
Epoch 338
loss = 0.0018,  acc = 0.6520
Epoch 339
loss = 0.0018,  acc = 0.6520
Epoch 340
loss = 0.0018,  acc = 0.6520
Epoch 341
loss = 0.0017,  acc = 0.6520
Epoch 342
loss = 0.0017,  acc = 0.6520
Epoch 343
loss = 0.0017,  acc = 0.6520
Epoch 344
loss = 0.0017,  acc = 0.6520
Epoch 345
loss = 0.0017,  acc = 0.6520
Epoch 346
loss = 0.0017,  acc = 0.6520
Epoch 347
loss = 0.0017,  acc = 0.6520
Epoch 348
loss = 0.0017,  acc = 0.6520
Epoch 349
loss = 0.0017,  acc = 0.6520
Epoch 350
loss = 0.0017,  acc = 0.6520
Epoch 351
loss = 0.0016,  acc = 0.6520
Epoch 352
loss = 0.0016,  acc = 0.6520
Epoch 353
loss = 0.0016,  acc = 0.6520
Epoch 354
loss = 0.0016,  acc = 0.6520
Epoch 355
loss = 0.0016,  acc = 0.6520
Epoch 356
loss = 0.0016,  acc = 0.6520
Epoch 357
loss = 0.0016,  acc = 0.6520
Epoch 358
loss = 0.0016,  acc = 0.6520
Epoch 359
loss = 0.0016,  acc = 0.6520
Epoch 360
loss = 0.0016,  acc = 0.6520
Epoch 361
loss = 0.0016,  acc = 0.6520
Epoch 362
loss = 0.0015,  acc = 0.6520
Epoch 363
loss = 0.0015,  acc = 0.6520
Epoch 364
loss = 0.0015,  acc = 0.6520
Epoch 365
loss = 0.0015,  acc = 0.6520
Epoch 366
loss = 0.0015,  acc = 0.6520
Epoch 367
loss = 0.0015,  acc = 0.6520
Epoch 368
loss = 0.0015,  acc = 0.6520
Epoch 369
loss = 0.0015,  acc = 0.6520
Epoch 370
loss = 0.0015,  acc = 0.6500
Epoch 371
loss = 0.0015,  acc = 0.6500
Epoch 372
loss = 0.0015,  acc = 0.6500
Epoch 373
loss = 0.0015,  acc = 0.6500
Epoch 374
loss = 0.0014,  acc = 0.6500
Epoch 375
loss = 0.0014,  acc = 0.6500
Epoch 376
loss = 0.0014,  acc = 0.6500
Epoch 377
loss = 0.0014,  acc = 0.6500
Epoch 378
loss = 0.0014,  acc = 0.6500
Epoch 379
loss = 0.0014,  acc = 0.6500
Epoch 380
loss = 0.0014,  acc = 0.6500
Epoch 381
loss = 0.0014,  acc = 0.6500
Epoch 382
loss = 0.0014,  acc = 0.6500
Epoch 383
loss = 0.0014,  acc = 0.6500
Epoch 384
loss = 0.0014,  acc = 0.6500
Epoch 385
loss = 0.0014,  acc = 0.6500
Epoch 386
loss = 0.0014,  acc = 0.6500
Epoch 387
loss = 0.0014,  acc = 0.6500
Epoch 388
loss = 0.0013,  acc = 0.6500
Epoch 389
loss = 0.0013,  acc = 0.6500
Epoch 390
loss = 0.0013,  acc = 0.6500
Epoch 391
loss = 0.0013,  acc = 0.6500
Epoch 392
loss = 0.0013,  acc = 0.6500
Epoch 393
loss = 0.0013,  acc = 0.6500
Epoch 394
loss = 0.0013,  acc = 0.6500
Epoch 395
loss = 0.0013,  acc = 0.6500
Epoch 396
loss = 0.0013,  acc = 0.6500
Epoch 397
loss = 0.0013,  acc = 0.6500
Epoch 398
loss = 0.0013,  acc = 0.6500
Epoch 399
loss = 0.0013,  acc = 0.6500
Epoch 400
loss = 0.0013,  acc = 0.6500
Epoch 401
loss = 0.0013,  acc = 0.6500
Epoch 402
loss = 0.0013,  acc = 0.6500
Epoch 403
loss = 0.0012,  acc = 0.6500
Epoch 404
loss = 0.0012,  acc = 0.6500
Epoch 405
loss = 0.0012,  acc = 0.6500
Epoch 406
loss = 0.0012,  acc = 0.6500
Epoch 407
loss = 0.0012,  acc = 0.6500
Epoch 408
loss = 0.0012,  acc = 0.6500
Epoch 409
loss = 0.0012,  acc = 0.6500
Epoch 410
loss = 0.0012,  acc = 0.6500
Epoch 411
loss = 0.0012,  acc = 0.6500
Epoch 412
loss = 0.0012,  acc = 0.6500
Epoch 413
loss = 0.0012,  acc = 0.6500
Epoch 414
loss = 0.0012,  acc = 0.6500
Epoch 415
loss = 0.0012,  acc = 0.6500
Epoch 416
loss = 0.0012,  acc = 0.6500
Epoch 417
loss = 0.0012,  acc = 0.6500
Epoch 418
loss = 0.0012,  acc = 0.6500
Epoch 419
loss = 0.0012,  acc = 0.6500
Epoch 420
loss = 0.0011,  acc = 0.6500
Epoch 421
loss = 0.0011,  acc = 0.6500
Epoch 422
loss = 0.0011,  acc = 0.6500
Epoch 423
loss = 0.0011,  acc = 0.6500
Epoch 424
loss = 0.0011,  acc = 0.6500
Epoch 425
loss = 0.0011,  acc = 0.6500
Epoch 426
loss = 0.0011,  acc = 0.6500
Epoch 427
loss = 0.0011,  acc = 0.6500
Epoch 428
loss = 0.0011,  acc = 0.6500
Epoch 429
loss = 0.0011,  acc = 0.6500
Epoch 430
loss = 0.0011,  acc = 0.6500
Epoch 431
loss = 0.0011,  acc = 0.6500
Epoch 432
loss = 0.0011,  acc = 0.6500
Epoch 433
loss = 0.0011,  acc = 0.6500
Epoch 434
loss = 0.0011,  acc = 0.6500
Epoch 435
loss = 0.0011,  acc = 0.6500
Epoch 436
loss = 0.0011,  acc = 0.6480
Epoch 437
loss = 0.0011,  acc = 0.6480
Epoch 438
loss = 0.0011,  acc = 0.6480
Epoch 439
loss = 0.0011,  acc = 0.6480
Epoch 440
loss = 0.0010,  acc = 0.6480
Epoch 441
loss = 0.0010,  acc = 0.6480
Epoch 442
loss = 0.0010,  acc = 0.6480
Epoch 443
loss = 0.0010,  acc = 0.6480
Epoch 444
loss = 0.0010,  acc = 0.6480
Epoch 445
loss = 0.0010,  acc = 0.6480
Epoch 446
loss = 0.0010,  acc = 0.6480
Epoch 447
loss = 0.0010,  acc = 0.6480
Epoch 448
loss = 0.0010,  acc = 0.6480
Epoch 449
loss = 0.0010,  acc = 0.6480
Epoch 450
loss = 0.0010,  acc = 0.6480
Epoch 451
loss = 0.0010,  acc = 0.6480
Epoch 452
loss = 0.0010,  acc = 0.6480
Epoch 453
loss = 0.0010,  acc = 0.6480
Epoch 454
loss = 0.0010,  acc = 0.6480
Epoch 455
loss = 0.0010,  acc = 0.6480
Epoch 456
loss = 0.0010,  acc = 0.6480
Epoch 457
loss = 0.0010,  acc = 0.6480
Epoch 458
loss = 0.0010,  acc = 0.6480
Epoch 459
loss = 0.0010,  acc = 0.6480
Epoch 460
loss = 0.0010,  acc = 0.6480
Epoch 461
loss = 0.0010,  acc = 0.6480
Epoch 462
loss = 0.0010,  acc = 0.6480
Epoch 463
loss = 0.0009,  acc = 0.6480
Epoch 464
loss = 0.0009,  acc = 0.6480
Epoch 465
loss = 0.0009,  acc = 0.6480
Epoch 466
loss = 0.0009,  acc = 0.6480
Epoch 467
loss = 0.0009,  acc = 0.6480
Epoch 468
loss = 0.0009,  acc = 0.6480
Epoch 469
loss = 0.0009,  acc = 0.6480
Epoch 470
loss = 0.0009,  acc = 0.6480
Epoch 471
loss = 0.0009,  acc = 0.6480
Epoch 472
loss = 0.0009,  acc = 0.6480
Epoch 473
loss = 0.0009,  acc = 0.6480
Epoch 474
loss = 0.0009,  acc = 0.6480
Epoch 475
loss = 0.0009,  acc = 0.6480
Epoch 476
loss = 0.0009,  acc = 0.6480
Epoch 477
loss = 0.0009,  acc = 0.6480
Epoch 478
loss = 0.0009,  acc = 0.6480
Epoch 479
loss = 0.0009,  acc = 0.6460
Epoch 480
loss = 0.0009,  acc = 0.6460
Epoch 481
loss = 0.0009,  acc = 0.6460
Epoch 482
loss = 0.0009,  acc = 0.6460
Epoch 483
loss = 0.0009,  acc = 0.6460
Epoch 484
loss = 0.0009,  acc = 0.6460
Epoch 485
loss = 0.0009,  acc = 0.6460
Epoch 486
loss = 0.0009,  acc = 0.6460
Epoch 487
loss = 0.0009,  acc = 0.6460
Epoch 488
loss = 0.0009,  acc = 0.6460
Epoch 489
loss = 0.0009,  acc = 0.6460
Epoch 490
loss = 0.0008,  acc = 0.6460
Epoch 491
loss = 0.0008,  acc = 0.6460
Epoch 492
loss = 0.0008,  acc = 0.6440
Epoch 493
loss = 0.0008,  acc = 0.6440
Epoch 494
loss = 0.0008,  acc = 0.6440
Epoch 495
loss = 0.0008,  acc = 0.6440
Epoch 496
loss = 0.0008,  acc = 0.6440
Epoch 497
loss = 0.0008,  acc = 0.6440
Epoch 498
loss = 0.0008,  acc = 0.6440
Epoch 499
loss = 0.0008,  acc = 0.6440

Total Time =  16.320085525512695
test accuracy = 0.6300
part_id:  []
train_node:  120
valid_node:  500
test_node:  1000
  NumNodes: 3327
  NumEdges: 9228
  NumFeats: 3703
  NumClasses: 6
  NumTrainingSamples: 120
  NumValidationSamples: 500
  NumTestSamples: 1000
Done loading data from cached files.
num_edge =  9228
time_rebuild =  0.0006260871887207031
Epoch 0
loss = 1.8065,  acc = 0.1820
Epoch 1
loss = 1.7909,  acc = 0.1820
Epoch 2
loss = 1.7770,  acc = 0.1820
Epoch 3
loss = 1.7633,  acc = 0.1820
Epoch 4
loss = 1.7492,  acc = 0.1820
Epoch 5
loss = 1.7346,  acc = 0.1820
Epoch 6
loss = 1.7187,  acc = 0.2020
Epoch 7
loss = 1.7016,  acc = 0.2400
Epoch 8
loss = 1.6834,  acc = 0.2960
Epoch 9
loss = 1.6645,  acc = 0.3280
Epoch 10
loss = 1.6444,  acc = 0.3640
Epoch 11
loss = 1.6233,  acc = 0.3800
Epoch 12
loss = 1.6013,  acc = 0.3900
Epoch 13
loss = 1.5787,  acc = 0.4100
Epoch 14
loss = 1.5552,  acc = 0.4200
Epoch 15
loss = 1.5310,  acc = 0.4380
Epoch 16
loss = 1.5059,  acc = 0.4460
Epoch 17
loss = 1.4800,  acc = 0.4520
Epoch 18
loss = 1.4533,  acc = 0.4600
Epoch 19
loss = 1.4257,  acc = 0.4640
Epoch 20
loss = 1.3970,  acc = 0.4760
Epoch 21
loss = 1.3674,  acc = 0.5020
Epoch 22
loss = 1.3370,  acc = 0.5220
Epoch 23
loss = 1.3058,  acc = 0.5300
Epoch 24
loss = 1.2740,  acc = 0.5520
Epoch 25
loss = 1.2414,  acc = 0.5620
Epoch 26
loss = 1.2083,  acc = 0.5780
Epoch 27
loss = 1.1749,  acc = 0.5800
Epoch 28
loss = 1.1411,  acc = 0.5840
Epoch 29
loss = 1.1071,  acc = 0.5820
Epoch 30
loss = 1.0728,  acc = 0.5840
Epoch 31
loss = 1.0384,  acc = 0.5860
Epoch 32
loss = 1.0041,  acc = 0.5840
Epoch 33
loss = 0.9698,  acc = 0.5860
Epoch 34
loss = 0.9356,  acc = 0.5860
Epoch 35
loss = 0.9016,  acc = 0.5820
Epoch 36
loss = 0.8677,  acc = 0.5800
Epoch 37
loss = 0.8341,  acc = 0.5800
Epoch 38
loss = 0.8008,  acc = 0.5820
Epoch 39
loss = 0.7680,  acc = 0.5840
Epoch 40
loss = 0.7356,  acc = 0.5880
Epoch 41
loss = 0.7038,  acc = 0.5900
Epoch 42
loss = 0.6726,  acc = 0.5840
Epoch 43
loss = 0.6420,  acc = 0.5840
Epoch 44
loss = 0.6121,  acc = 0.5880
Epoch 45
loss = 0.5830,  acc = 0.5940
Epoch 46
loss = 0.5546,  acc = 0.5980
Epoch 47
loss = 0.5269,  acc = 0.6000
Epoch 48
loss = 0.4999,  acc = 0.6000
Epoch 49
loss = 0.4736,  acc = 0.6040
Epoch 50
loss = 0.4483,  acc = 0.6040
Epoch 51
loss = 0.4241,  acc = 0.6100
Epoch 52
loss = 0.4009,  acc = 0.6160
Epoch 53
loss = 0.3788,  acc = 0.6200
Epoch 54
loss = 0.3577,  acc = 0.6220
Epoch 55
loss = 0.3375,  acc = 0.6260
Epoch 56
loss = 0.3183,  acc = 0.6300
Epoch 57
loss = 0.3001,  acc = 0.6340
Epoch 58
loss = 0.2827,  acc = 0.6340
Epoch 59
loss = 0.2663,  acc = 0.6340
Epoch 60
loss = 0.2508,  acc = 0.6360
Epoch 61
loss = 0.2361,  acc = 0.6380
Epoch 62
loss = 0.2223,  acc = 0.6400
Epoch 63
loss = 0.2093,  acc = 0.6420
Epoch 64
loss = 0.1971,  acc = 0.6420
Epoch 65
loss = 0.1857,  acc = 0.6420
Epoch 66
loss = 0.1750,  acc = 0.6460
Epoch 67
loss = 0.1649,  acc = 0.6480
Epoch 68
loss = 0.1555,  acc = 0.6500
Epoch 69
loss = 0.1468,  acc = 0.6500
Epoch 70
loss = 0.1386,  acc = 0.6520
Epoch 71
loss = 0.1309,  acc = 0.6520
Epoch 72
loss = 0.1238,  acc = 0.6520
Epoch 73
loss = 0.1171,  acc = 0.6540
Epoch 74
loss = 0.1109,  acc = 0.6520
Epoch 75
loss = 0.1051,  acc = 0.6520
Epoch 76
loss = 0.0997,  acc = 0.6520
Epoch 77
loss = 0.0947,  acc = 0.6540
Epoch 78
loss = 0.0899,  acc = 0.6540
Epoch 79
loss = 0.0855,  acc = 0.6540
Epoch 80
loss = 0.0814,  acc = 0.6560
Epoch 81
loss = 0.0775,  acc = 0.6540
Epoch 82
loss = 0.0739,  acc = 0.6540
Epoch 83
loss = 0.0705,  acc = 0.6560
Epoch 84
loss = 0.0673,  acc = 0.6560
Epoch 85
loss = 0.0643,  acc = 0.6560
Epoch 86
loss = 0.0615,  acc = 0.6560
Epoch 87
loss = 0.0589,  acc = 0.6560
Epoch 88
loss = 0.0565,  acc = 0.6560
Epoch 89
loss = 0.0542,  acc = 0.6560
Epoch 90
loss = 0.0520,  acc = 0.6560
Epoch 91
loss = 0.0500,  acc = 0.6560
Epoch 92
loss = 0.0480,  acc = 0.6520
Epoch 93
loss = 0.0462,  acc = 0.6540
Epoch 94
loss = 0.0445,  acc = 0.6540
Epoch 95
loss = 0.0429,  acc = 0.6540
Epoch 96
loss = 0.0414,  acc = 0.6540
Epoch 97
loss = 0.0400,  acc = 0.6540
Epoch 98
loss = 0.0386,  acc = 0.6540
Epoch 99
loss = 0.0373,  acc = 0.6500
Epoch 100
loss = 0.0361,  acc = 0.6500
Epoch 101
loss = 0.0349,  acc = 0.6440
Epoch 102
loss = 0.0338,  acc = 0.6440
Epoch 103
loss = 0.0328,  acc = 0.6440
Epoch 104
loss = 0.0318,  acc = 0.6460
Epoch 105
loss = 0.0309,  acc = 0.6460
Epoch 106
loss = 0.0300,  acc = 0.6460
Epoch 107
loss = 0.0291,  acc = 0.6460
Epoch 108
loss = 0.0283,  acc = 0.6460
Epoch 109
loss = 0.0275,  acc = 0.6460
Epoch 110
loss = 0.0267,  acc = 0.6440
Epoch 111
loss = 0.0260,  acc = 0.6440
Epoch 112
loss = 0.0253,  acc = 0.6440
Epoch 113
loss = 0.0246,  acc = 0.6440
Epoch 114
loss = 0.0240,  acc = 0.6420
Epoch 115
loss = 0.0234,  acc = 0.6420
Epoch 116
loss = 0.0228,  acc = 0.6420
Epoch 117
loss = 0.0223,  acc = 0.6420
Epoch 118
loss = 0.0217,  acc = 0.6420
Epoch 119
loss = 0.0212,  acc = 0.6420
Epoch 120
loss = 0.0207,  acc = 0.6420
Epoch 121
loss = 0.0202,  acc = 0.6420
Epoch 122
loss = 0.0198,  acc = 0.6420
Epoch 123
loss = 0.0193,  acc = 0.6420
Epoch 124
loss = 0.0189,  acc = 0.6400
Epoch 125
loss = 0.0185,  acc = 0.6400
Epoch 126
loss = 0.0181,  acc = 0.6400
Epoch 127
loss = 0.0177,  acc = 0.6380
Epoch 128
loss = 0.0173,  acc = 0.6380
Epoch 129
loss = 0.0169,  acc = 0.6380
Epoch 130
loss = 0.0166,  acc = 0.6380
Epoch 131
loss = 0.0163,  acc = 0.6380
Epoch 132
loss = 0.0159,  acc = 0.6380
Epoch 133
loss = 0.0156,  acc = 0.6380
Epoch 134
loss = 0.0153,  acc = 0.6380
Epoch 135
loss = 0.0150,  acc = 0.6380
Epoch 136
loss = 0.0147,  acc = 0.6380
Epoch 137
loss = 0.0144,  acc = 0.6380
Epoch 138
loss = 0.0142,  acc = 0.6380
Epoch 139
loss = 0.0139,  acc = 0.6380
Epoch 140
loss = 0.0136,  acc = 0.6380
Epoch 141
loss = 0.0134,  acc = 0.6380
Epoch 142
loss = 0.0131,  acc = 0.6380
Epoch 143
loss = 0.0129,  acc = 0.6380
Epoch 144
loss = 0.0127,  acc = 0.6360
Epoch 145
loss = 0.0125,  acc = 0.6360
Epoch 146
loss = 0.0122,  acc = 0.6360
Epoch 147
loss = 0.0120,  acc = 0.6360
Epoch 148
loss = 0.0118,  acc = 0.6360
Epoch 149
loss = 0.0116,  acc = 0.6360
Epoch 150
loss = 0.0114,  acc = 0.6360
Epoch 151
loss = 0.0112,  acc = 0.6360
Epoch 152
loss = 0.0111,  acc = 0.6360
Epoch 153
loss = 0.0109,  acc = 0.6360
Epoch 154
loss = 0.0107,  acc = 0.6360
Epoch 155
loss = 0.0105,  acc = 0.6340
Epoch 156
loss = 0.0104,  acc = 0.6340